###############################################################################
#
# IAR ANSI C/C++ Compiler V8.10.1.12857/W32 for ARM       29/Jan/2018  14:27:48
# Copyright 1999-2017 IAR Systems AB.
#
#    Cpu mode     =  thumb
#    Endian       =  little
#    Source file  =  F:\K60_CAR_2018\lib\peripheral\oled.c
#    Command line =  
#        -f C:\Users\19071_~1\AppData\Local\Temp\EW924D.tmp
#        (F:\K60_CAR_2018\lib\peripheral\oled.c -D LPLD_K60 -D USE_K60DZ10 -lCN
#        F:\K60_CAR_2018\project\programme\iar\RAM\List -lB
#        F:\K60_CAR_2018\project\programme\iar\RAM\List -o
#        F:\K60_CAR_2018\project\programme\iar\RAM\Obj --no_cse --no_unroll
#        --no_inline --no_code_motion --no_tbaa --no_clustering --no_scheduling
#        --debug --endian=little --cpu=Cortex-M4 -e --fpu=None --dlib_config
#        "C:\Program Files (x86)\IAR Systems\Embedded Workbench
#        8.0\arm\INC\c\DLib_Config_Normal.h" -I
#        F:\K60_CAR_2018\project\programme\iar\..\app\ -I
#        F:\K60_CAR_2018\project\programme\iar\..\..\..\lib\CPU\ -I
#        F:\K60_CAR_2018\project\programme\iar\..\..\..\lib\common\ -I
#        F:\K60_CAR_2018\project\programme\iar\..\..\..\lib\LPLD\ -I
#        F:\K60_CAR_2018\project\programme\iar\..\..\..\lib\LPLD\HW\ -I
#        F:\K60_CAR_2018\project\programme\iar\..\..\..\lib\LPLD\DEV\ -I
#        F:\K60_CAR_2018\project\programme\iar\..\..\..\lib\LPLD\FUNC\ -I
#        F:\K60_CAR_2018\project\programme\iar\..\..\..\lib\uCOS-II\Ports\ -I
#        F:\K60_CAR_2018\project\programme\iar\..\..\..\lib\uCOS-II\Source\ -I
#        F:\K60_CAR_2018\project\programme\iar\..\..\..\lib\FatFs\ -I
#        F:\K60_CAR_2018\project\programme\iar\..\..\..\lib\FatFs\option\ -I
#        F:\K60_CAR_2018\project\programme\iar\..\..\..\lib\USB\common\ -I
#        F:\K60_CAR_2018\project\programme\iar\..\..\..\lib\USB\driver\ -I
#        F:\K60_CAR_2018\project\programme\iar\..\..\..\lib\USB\descriptor\ -I
#        F:\K60_CAR_2018\project\programme\iar\..\..\..\lib\USB\class\ -I
#        F:\K60_CAR_2018\project\programme\iar\..\..\..\lib\peripheral\ -Ol -I
#        "C:\Program Files (x86)\IAR Systems\Embedded Workbench
#        8.0\arm\CMSIS\Include\" -D ARM_MATH_CM4)
#    Locale       =  C
#    List file    =  F:\K60_CAR_2018\project\programme\iar\RAM\List\oled.lst
#    Object file  =  F:\K60_CAR_2018\project\programme\iar\RAM\Obj\oled.o
#
###############################################################################

F:\K60_CAR_2018\lib\peripheral\oled.c
      1          #include "oled.h"
      2          

   \                                 In section .rodata, align 4
      3          const uint8 F6x8[][6] =
   \                     F6x8:
   \   00000000   0x00 0x00          DC8 0, 0, 0, 0, 0, 0, 0, 0, 0, 47, 0, 0, 0, 0, 7, 0, 7, 0, 0, 20, 127
   \              0x00 0x00    
   \              0x00 0x00    
   \              0x00 0x00    
   \              0x00 0x2F    
   \              0x00 0x00    
   \              0x00 0x00    
   \              0x07 0x00    
   \              0x07 0x00    
   \              0x00 0x14    
   \              0x7F         
   \   00000015   0x14 0x7F          DC8 20, 127, 20, 0, 36, 42, 127, 42, 18, 0, 98, 100, 8, 19, 35, 0, 54
   \              0x14 0x00    
   \              0x24 0x2A    
   \              0x7F 0x2A    
   \              0x12 0x00    
   \              0x62 0x64    
   \              0x08 0x13    
   \              0x23 0x00    
   \              0x36         
   \   00000026   0x49 0x55          DC8 73, 85, 34, 80, 0, 0, 5, 3, 0, 0, 0, 0, 28, 34, 65, 0, 0, 0, 65, 34
   \              0x22 0x50    
   \              0x00 0x00    
   \              0x05 0x03    
   \              0x00 0x00    
   \              0x00 0x00    
   \              0x1C 0x22    
   \              0x41 0x00    
   \              0x00 0x00    
   \              0x41 0x22    
   \   0000003A   0x1C 0x00          DC8 28, 0, 0, 20, 8, 62, 8, 20, 0, 8, 8, 62, 8, 8, 0, 0, 0, 160, 96, 0
   \              0x00 0x14    
   \              0x08 0x3E    
   \              0x08 0x14    
   \              0x00 0x08    
   \              0x08 0x3E    
   \              0x08 0x08    
   \              0x00 0x00    
   \              0x00 0xA0    
   \              0x60 0x00    
   \   0000004E   0x00 0x08          DC8 0, 8, 8, 8, 8, 8, 0, 0, 96, 96, 0, 0, 0, 32, 16, 8, 4, 2, 0, 62, 81
   \              0x08 0x08    
   \              0x08 0x08    
   \              0x00 0x00    
   \              0x60 0x60    
   \              0x00 0x00    
   \              0x00 0x20    
   \              0x10 0x08    
   \              0x04 0x02    
   \              0x00 0x3E    
   \              0x51         
   \   00000063   0x49 0x45          DC8 73, 69, 62, 0, 0, 66, 127, 64, 0, 0, 66, 97, 81, 73, 70, 0, 33, 65
   \              0x3E 0x00    
   \              0x00 0x42    
   \              0x7F 0x40    
   \              0x00 0x00    
   \              0x42 0x61    
   \              0x51 0x49    
   \              0x46 0x00    
   \              0x21 0x41    
   \   00000075   0x45 0x4B          DC8 69, 75, 49, 0, 24, 20, 18, 127, 16, 0, 39, 69, 69, 69, 57, 0, 60
   \              0x31 0x00    
   \              0x18 0x14    
   \              0x12 0x7F    
   \              0x10 0x00    
   \              0x27 0x45    
   \              0x45 0x45    
   \              0x39 0x00    
   \              0x3C         
   \   00000086   0x4A 0x49          DC8 74, 73, 73, 48, 0, 1, 113, 9, 5, 3, 0, 54, 73, 73, 73, 54, 0, 6, 73
   \              0x49 0x30    
   \              0x00 0x01    
   \              0x71 0x09    
   \              0x05 0x03    
   \              0x00 0x36    
   \              0x49 0x49    
   \              0x49 0x36    
   \              0x00 0x06    
   \              0x49         
   \   00000099   0x49 0x29          DC8 73, 41, 30, 0, 0, 54, 54, 0, 0, 0, 0, 86, 54, 0, 0, 0, 8, 20, 34
   \              0x1E 0x00    
   \              0x00 0x36    
   \              0x36 0x00    
   \              0x00 0x00    
   \              0x00 0x56    
   \              0x36 0x00    
   \              0x00 0x00    
   \              0x08 0x14    
   \              0x22         
   \   000000AC   0x41 0x00          DC8 65, 0, 0, 20, 20, 20, 20, 20, 0, 0, 65, 34, 20, 8, 0, 2, 1, 81, 9
   \              0x00 0x14    
   \              0x14 0x14    
   \              0x14 0x14    
   \              0x00 0x00    
   \              0x41 0x22    
   \              0x14 0x08    
   \              0x00 0x02    
   \              0x01 0x51    
   \              0x09         
   \   000000BF   0x06 0x00          DC8 6, 0, 50, 73, 89, 81, 62, 0, 124, 18, 17, 18, 124, 0, 127, 73, 73
   \              0x32 0x49    
   \              0x59 0x51    
   \              0x3E 0x00    
   \              0x7C 0x12    
   \              0x11 0x12    
   \              0x7C 0x00    
   \              0x7F 0x49    
   \              0x49         
   \   000000D0   0x49 0x36          DC8 73, 54, 0, 62, 65, 65, 65, 34, 0, 127, 65, 65, 34, 28, 0, 127, 73
   \              0x00 0x3E    
   \              0x41 0x41    
   \              0x41 0x22    
   \              0x00 0x7F    
   \              0x41 0x41    
   \              0x22 0x1C    
   \              0x00 0x7F    
   \              0x49         
   \   000000E1   0x49 0x49          DC8 73, 73, 65, 0, 127, 9, 9, 9, 1, 0, 62, 65, 73, 73, 122, 0, 127, 8
   \              0x41 0x00    
   \              0x7F 0x09    
   \              0x09 0x09    
   \              0x01 0x00    
   \              0x3E 0x41    
   \              0x49 0x49    
   \              0x7A 0x00    
   \              0x7F 0x08    
   \   000000F3   0x08 0x08          DC8 8, 8, 127, 0, 0, 65, 127, 65, 0, 0, 32, 64, 65, 63, 1, 0, 127, 8
   \              0x7F 0x00    
   \              0x00 0x41    
   \              0x7F 0x41    
   \              0x00 0x00    
   \              0x20 0x40    
   \              0x41 0x3F    
   \              0x01 0x00    
   \              0x7F 0x08    
   \   00000105   0x14 0x22          DC8 20, 34, 65, 0, 127, 64, 64, 64, 64, 0, 127, 2, 12, 2, 127, 0, 127
   \              0x41 0x00    
   \              0x7F 0x40    
   \              0x40 0x40    
   \              0x40 0x00    
   \              0x7F 0x02    
   \              0x0C 0x02    
   \              0x7F 0x00    
   \              0x7F         
   \   00000116   0x04 0x08          DC8 4, 8, 16, 127, 0, 62, 65, 65, 65, 62, 0, 127, 9, 9, 9, 6, 0, 62, 65
   \              0x10 0x7F    
   \              0x00 0x3E    
   \              0x41 0x41    
   \              0x41 0x3E    
   \              0x00 0x7F    
   \              0x09 0x09    
   \              0x09 0x06    
   \              0x00 0x3E    
   \              0x41         
   \   00000129   0x51 0x21          DC8 81, 33, 94, 0, 127, 9, 25, 41, 70, 0, 70, 73, 73, 73, 49, 0, 1, 1
   \              0x5E 0x00    
   \              0x7F 0x09    
   \              0x19 0x29    
   \              0x46 0x00    
   \              0x46 0x49    
   \              0x49 0x49    
   \              0x31 0x00    
   \              0x01 0x01    
   \   0000013B   0x7F 0x01          DC8 127, 1, 1, 0, 63, 64, 64, 64, 63, 0, 31, 32, 64, 32, 31, 0, 63, 64
   \              0x01 0x00    
   \              0x3F 0x40    
   \              0x40 0x40    
   \              0x3F 0x00    
   \              0x1F 0x20    
   \              0x40 0x20    
   \              0x1F 0x00    
   \              0x3F 0x40    
   \   0000014D   0x38 0x40          DC8 56, 64, 63, 0, 99, 20, 8, 20, 99, 0, 7, 8, 112, 8, 7, 0, 97, 81, 73
   \              0x3F 0x00    
   \              0x63 0x14    
   \              0x08 0x14    
   \              0x63 0x00    
   \              0x07 0x08    
   \              0x70 0x08    
   \              0x07 0x00    
   \              0x61 0x51    
   \              0x49         
   \   00000160   0x45 0x43          DC8 69, 67, 0, 0, 127, 65, 65, 0, 0, 85, 42, 85, 42, 85, 0, 0, 65, 65
   \              0x00 0x00    
   \              0x7F 0x41    
   \              0x41 0x00    
   \              0x00 0x55    
   \              0x2A 0x55    
   \              0x2A 0x55    
   \              0x00 0x00    
   \              0x41 0x41    
   \   00000172   0x7F 0x00          DC8 127, 0, 0, 4, 2, 1, 2, 4, 0, 64, 64, 64, 64, 64, 0, 0, 1, 2, 4, 0
   \              0x00 0x04    
   \              0x02 0x01    
   \              0x02 0x04    
   \              0x00 0x40    
   \              0x40 0x40    
   \              0x40 0x40    
   \              0x00 0x00    
   \              0x01 0x02    
   \              0x04 0x00    
   \   00000186   0x00 0x20          DC8 0, 32, 84, 84, 84, 120, 0, 127, 72, 68, 68, 56, 0, 56, 68, 68, 68
   \              0x54 0x54    
   \              0x54 0x78    
   \              0x00 0x7F    
   \              0x48 0x44    
   \              0x44 0x38    
   \              0x00 0x38    
   \              0x44 0x44    
   \              0x44         
   \   00000197   0x20 0x00          DC8 32, 0, 56, 68, 68, 72, 127, 0, 56, 84, 84, 84, 24, 0, 8, 126, 9, 1
   \              0x38 0x44    
   \              0x44 0x48    
   \              0x7F 0x00    
   \              0x38 0x54    
   \              0x54 0x54    
   \              0x18 0x00    
   \              0x08 0x7E    
   \              0x09 0x01    
   \   000001A9   0x02 0x00          DC8 2, 0, 24, 164, 164, 164, 124, 0, 127, 8, 4, 4, 120, 0, 0, 68, 125
   \              0x18 0xA4    
   \              0xA4 0xA4    
   \              0x7C 0x00    
   \              0x7F 0x08    
   \              0x04 0x04    
   \              0x78 0x00    
   \              0x00 0x44    
   \              0x7D         
   \   000001BA   0x40 0x00          DC8 64, 0, 0, 64, 128, 132, 125, 0, 0, 127, 16, 40, 68, 0, 0, 0, 65
   \              0x00 0x40    
   \              0x80 0x84    
   \              0x7D 0x00    
   \              0x00 0x7F    
   \              0x10 0x28    
   \              0x44 0x00    
   \              0x00 0x00    
   \              0x41         
   \   000001CB   0x7F 0x40          DC8 127, 64, 0, 0, 124, 4, 24, 4, 120, 0, 124, 8, 4, 4, 120, 0, 56, 68
   \              0x00 0x00    
   \              0x7C 0x04    
   \              0x18 0x04    
   \              0x78 0x00    
   \              0x7C 0x08    
   \              0x04 0x04    
   \              0x78 0x00    
   \              0x38 0x44    
   \   000001DD   0x44 0x44          DC8 68, 68, 56, 0, 252, 36, 36, 36, 24, 0, 24, 36, 36, 24, 252, 0, 124
   \              0x38 0x00    
   \              0xFC 0x24    
   \              0x24 0x24    
   \              0x18 0x00    
   \              0x18 0x24    
   \              0x24 0x18    
   \              0xFC 0x00    
   \              0x7C         
   \   000001EE   0x08 0x04          DC8 8, 4, 4, 8, 0, 72, 84, 84, 84, 32, 0, 4, 63, 68, 64, 32, 0, 60, 64
   \              0x04 0x08    
   \              0x00 0x48    
   \              0x54 0x54    
   \              0x54 0x20    
   \              0x00 0x04    
   \              0x3F 0x44    
   \              0x40 0x20    
   \              0x00 0x3C    
   \              0x40         
   \   00000201   0x40 0x20          DC8 64, 32, 124, 0, 28, 32, 64, 32, 28, 0, 60, 64, 48, 64, 60, 0, 68
   \              0x7C 0x00    
   \              0x1C 0x20    
   \              0x40 0x20    
   \              0x1C 0x00    
   \              0x3C 0x40    
   \              0x30 0x40    
   \              0x3C 0x00    
   \              0x44         
   \   00000212   0x28 0x10          DC8 40, 16, 40, 68, 0, 28, 160, 160, 160, 124, 0, 68, 100, 84, 76, 68
   \              0x28 0x44    
   \              0x00 0x1C    
   \              0xA0 0xA0    
   \              0xA0 0x7C    
   \              0x00 0x44    
   \              0x64 0x54    
   \              0x4C 0x44    
   \   00000222   0x14 0x14          DC8 20, 20, 20, 20, 20, 20
   \              0x14 0x14    
   \              0x14 0x14    
      4          {
      5              { 0x00, 0x00, 0x00, 0x00, 0x00, 0x00 },   // sp
      6              { 0x00, 0x00, 0x00, 0x2f, 0x00, 0x00 },   // !
      7              { 0x00, 0x00, 0x07, 0x00, 0x07, 0x00 },   // "
      8              { 0x00, 0x14, 0x7f, 0x14, 0x7f, 0x14 },   // #
      9              { 0x00, 0x24, 0x2a, 0x7f, 0x2a, 0x12 },   // $
     10              { 0x00, 0x62, 0x64, 0x08, 0x13, 0x23 },   // %
     11              { 0x00, 0x36, 0x49, 0x55, 0x22, 0x50 },   // &
     12              { 0x00, 0x00, 0x05, 0x03, 0x00, 0x00 },   // '
     13              { 0x00, 0x00, 0x1c, 0x22, 0x41, 0x00 },   // (
     14              { 0x00, 0x00, 0x41, 0x22, 0x1c, 0x00 },   // )
     15              { 0x00, 0x14, 0x08, 0x3E, 0x08, 0x14 },   // *
     16              { 0x00, 0x08, 0x08, 0x3E, 0x08, 0x08 },   // +
     17              { 0x00, 0x00, 0x00, 0xA0, 0x60, 0x00 },   // ,
     18              { 0x00, 0x08, 0x08, 0x08, 0x08, 0x08 },   // -
     19              { 0x00, 0x00, 0x60, 0x60, 0x00, 0x00 },   // .
     20              { 0x00, 0x20, 0x10, 0x08, 0x04, 0x02 },   // /
     21              { 0x00, 0x3E, 0x51, 0x49, 0x45, 0x3E },   // 0
     22              { 0x00, 0x00, 0x42, 0x7F, 0x40, 0x00 },   // 1
     23              { 0x00, 0x42, 0x61, 0x51, 0x49, 0x46 },   // 2
     24              { 0x00, 0x21, 0x41, 0x45, 0x4B, 0x31 },   // 3
     25              { 0x00, 0x18, 0x14, 0x12, 0x7F, 0x10 },   // 4
     26              { 0x00, 0x27, 0x45, 0x45, 0x45, 0x39 },   // 5
     27              { 0x00, 0x3C, 0x4A, 0x49, 0x49, 0x30 },   // 6
     28              { 0x00, 0x01, 0x71, 0x09, 0x05, 0x03 },   // 7
     29              { 0x00, 0x36, 0x49, 0x49, 0x49, 0x36 },   // 8
     30              { 0x00, 0x06, 0x49, 0x49, 0x29, 0x1E },   // 9
     31              { 0x00, 0x00, 0x36, 0x36, 0x00, 0x00 },   // :
     32              { 0x00, 0x00, 0x56, 0x36, 0x00, 0x00 },   // ;
     33              { 0x00, 0x08, 0x14, 0x22, 0x41, 0x00 },   // <
     34              { 0x00, 0x14, 0x14, 0x14, 0x14, 0x14 },   // =
     35              { 0x00, 0x00, 0x41, 0x22, 0x14, 0x08 },   // >
     36              { 0x00, 0x02, 0x01, 0x51, 0x09, 0x06 },   // ?
     37              { 0x00, 0x32, 0x49, 0x59, 0x51, 0x3E },   // @
     38              { 0x00, 0x7C, 0x12, 0x11, 0x12, 0x7C },   // A
     39              { 0x00, 0x7F, 0x49, 0x49, 0x49, 0x36 },   // B
     40              { 0x00, 0x3E, 0x41, 0x41, 0x41, 0x22 },   // C
     41              { 0x00, 0x7F, 0x41, 0x41, 0x22, 0x1C },   // D
     42              { 0x00, 0x7F, 0x49, 0x49, 0x49, 0x41 },   // E
     43              { 0x00, 0x7F, 0x09, 0x09, 0x09, 0x01 },   // F
     44              { 0x00, 0x3E, 0x41, 0x49, 0x49, 0x7A },   // G
     45              { 0x00, 0x7F, 0x08, 0x08, 0x08, 0x7F },   // H
     46              { 0x00, 0x00, 0x41, 0x7F, 0x41, 0x00 },   // I
     47              { 0x00, 0x20, 0x40, 0x41, 0x3F, 0x01 },   // J
     48              { 0x00, 0x7F, 0x08, 0x14, 0x22, 0x41 },   // K
     49              { 0x00, 0x7F, 0x40, 0x40, 0x40, 0x40 },   // L
     50              { 0x00, 0x7F, 0x02, 0x0C, 0x02, 0x7F },   // M
     51              { 0x00, 0x7F, 0x04, 0x08, 0x10, 0x7F },   // N
     52              { 0x00, 0x3E, 0x41, 0x41, 0x41, 0x3E },   // O
     53              { 0x00, 0x7F, 0x09, 0x09, 0x09, 0x06 },   // P
     54              { 0x00, 0x3E, 0x41, 0x51, 0x21, 0x5E },   // Q
     55              { 0x00, 0x7F, 0x09, 0x19, 0x29, 0x46 },   // R
     56              { 0x00, 0x46, 0x49, 0x49, 0x49, 0x31 },   // S
     57              { 0x00, 0x01, 0x01, 0x7F, 0x01, 0x01 },   // T
     58              { 0x00, 0x3F, 0x40, 0x40, 0x40, 0x3F },   // U
     59              { 0x00, 0x1F, 0x20, 0x40, 0x20, 0x1F },   // V
     60              { 0x00, 0x3F, 0x40, 0x38, 0x40, 0x3F },   // W
     61              { 0x00, 0x63, 0x14, 0x08, 0x14, 0x63 },   // X
     62              { 0x00, 0x07, 0x08, 0x70, 0x08, 0x07 },   // Y
     63              { 0x00, 0x61, 0x51, 0x49, 0x45, 0x43 },   // Z
     64              { 0x00, 0x00, 0x7F, 0x41, 0x41, 0x00 },   // [
     65              { 0x00, 0x55, 0x2A, 0x55, 0x2A, 0x55 },   // 55
     66              { 0x00, 0x00, 0x41, 0x41, 0x7F, 0x00 },   // ]
     67              { 0x00, 0x04, 0x02, 0x01, 0x02, 0x04 },   // ^
     68              { 0x00, 0x40, 0x40, 0x40, 0x40, 0x40 },   // _
     69              { 0x00, 0x00, 0x01, 0x02, 0x04, 0x00 },   // '
     70              { 0x00, 0x20, 0x54, 0x54, 0x54, 0x78 },   // a
     71              { 0x00, 0x7F, 0x48, 0x44, 0x44, 0x38 },   // b
     72              { 0x00, 0x38, 0x44, 0x44, 0x44, 0x20 },   // c
     73              { 0x00, 0x38, 0x44, 0x44, 0x48, 0x7F },   // d
     74              { 0x00, 0x38, 0x54, 0x54, 0x54, 0x18 },   // e
     75              { 0x00, 0x08, 0x7E, 0x09, 0x01, 0x02 },   // f
     76              { 0x00, 0x18, 0xA4, 0xA4, 0xA4, 0x7C },   // g
     77              { 0x00, 0x7F, 0x08, 0x04, 0x04, 0x78 },   // h
     78              { 0x00, 0x00, 0x44, 0x7D, 0x40, 0x00 },   // i
     79              { 0x00, 0x40, 0x80, 0x84, 0x7D, 0x00 },   // j
     80              { 0x00, 0x7F, 0x10, 0x28, 0x44, 0x00 },   // k
     81              { 0x00, 0x00, 0x41, 0x7F, 0x40, 0x00 },   // l
     82              { 0x00, 0x7C, 0x04, 0x18, 0x04, 0x78 },   // m
     83              { 0x00, 0x7C, 0x08, 0x04, 0x04, 0x78 },   // n
     84              { 0x00, 0x38, 0x44, 0x44, 0x44, 0x38 },   // o
     85              { 0x00, 0xFC, 0x24, 0x24, 0x24, 0x18 },   // p
     86              { 0x00, 0x18, 0x24, 0x24, 0x18, 0xFC },   // q
     87              { 0x00, 0x7C, 0x08, 0x04, 0x04, 0x08 },   // r
     88              { 0x00, 0x48, 0x54, 0x54, 0x54, 0x20 },   // s
     89              { 0x00, 0x04, 0x3F, 0x44, 0x40, 0x20 },   // t
     90              { 0x00, 0x3C, 0x40, 0x40, 0x20, 0x7C },   // u
     91              { 0x00, 0x1C, 0x20, 0x40, 0x20, 0x1C },   // v
     92              { 0x00, 0x3C, 0x40, 0x30, 0x40, 0x3C },   // w
     93              { 0x00, 0x44, 0x28, 0x10, 0x28, 0x44 },   // x
     94              { 0x00, 0x1C, 0xA0, 0xA0, 0xA0, 0x7C },   // y
     95              { 0x00, 0x44, 0x64, 0x54, 0x4C, 0x44 },   // z
     96              { 0x14, 0x14, 0x14, 0x14, 0x14, 0x14 }    // horiz lines
     97          };
     98          

   \                                 In section .bss, align 4
     99          static oled_cfg_t * oc;
   \                     oc:
   \   00000000                      DS8 4

   \                                 In section .bss, align 4
    100          static oled_t * oled;
   \                     oled:
   \   00000000                      DS8 4

   \                                 In section .rodata, align 4
    101          const oled_region_t OLED_FULLSCREEN = {0, 0, OLED_PAGE, OLED_COL};
   \                     OLED_FULLSCREEN:
   \   00000000   0x00 0x00          DC8 0, 0, 8, 128
   \              0x08 0x80    
    102          
    103          #define OLED_SCL (_DO(oc->scl))
    104          #define OLED_SDA (_DO(oc->sda))
    105          #define OLED_CS (_DO(oc->cs))
    106          #define OLED_RST (_DO(oc->rst))
    107          #define OLED_DC (_DO(oc->dc))
    108          

   \                                 In section .text, align 4, keep-with-next
    109          static void write_data(uint8 data, uint8 flip){
   \                     write_data: (+1)
   \   00000000   0xB570             PUSH     {R4-R6,LR}
   \   00000002   0x0004             MOVS     R4,R0
   \   00000004   0x000D             MOVS     R5,R1
    110              uint8 i=8;
   \   00000006   0x2608             MOVS     R6,#+8
    111              ASSERT(oled->col < OLED_COL);
   \   00000008   0x.... 0x....      LDR.W    R0,??DataTable7
   \   0000000C   0x6800             LDR      R0,[R0, #+0]
   \   0000000E   0x7840             LDRB     R0,[R0, #+1]
   \   00000010   0x2880             CMP      R0,#+128
   \   00000012   0xDB04             BLT.N    ??write_data_0
   \   00000014   0x216F             MOVS     R1,#+111
   \   00000016   0x.... 0x....      LDR.W    R0,??DataTable7_1
   \   0000001A   0x.... 0x....      BL       assert_failed
    112              OLED_CS=0;
   \                     ??write_data_0: (+1)
   \   0000001E   0x.... 0x....      LDR.W    R0,??DataTable7_2
   \   00000022   0x6800             LDR      R0,[R0, #+0]
   \   00000024   0x6B00             LDR      R0,[R0, #+48]
   \   00000026   0x.... 0x....      LDR.W    R1,??DataTable7_2
   \   0000002A   0x6809             LDR      R1,[R1, #+0]
   \   0000002C   0x6B89             LDR      R1,[R1, #+56]
   \   0000002E   0x0089             LSLS     R1,R1,#+2
   \   00000030   0xEB11 0x1140      ADDS     R1,R1,R0, LSL #+5
   \   00000034   0xF111 0x4184      ADDS     R1,R1,#+1107296256
   \   00000038   0x2000             MOVS     R0,#+0
   \   0000003A   0x6008             STR      R0,[R1, #+0]
    113              OLED_DC=1;
   \   0000003C   0x.... 0x....      LDR.W    R0,??DataTable7_2
   \   00000040   0x6800             LDR      R0,[R0, #+0]
   \   00000042   0x6A40             LDR      R0,[R0, #+36]
   \   00000044   0x.... 0x....      LDR.W    R1,??DataTable7_2
   \   00000048   0x6809             LDR      R1,[R1, #+0]
   \   0000004A   0x6AC9             LDR      R1,[R1, #+44]
   \   0000004C   0x0089             LSLS     R1,R1,#+2
   \   0000004E   0xEB11 0x1140      ADDS     R1,R1,R0, LSL #+5
   \   00000052   0xF111 0x4184      ADDS     R1,R1,#+1107296256
   \   00000056   0x2001             MOVS     R0,#+1
   \   00000058   0x6008             STR      R0,[R1, #+0]
    114              OLED_SCL=0;
   \   0000005A   0x.... 0x....      LDR.W    R0,??DataTable7_2
   \   0000005E   0x6800             LDR      R0,[R0, #+0]
   \   00000060   0x6800             LDR      R0,[R0, #+0]
   \   00000062   0x.... 0x....      LDR.W    R1,??DataTable7_2
   \   00000066   0x6809             LDR      R1,[R1, #+0]
   \   00000068   0x6889             LDR      R1,[R1, #+8]
   \   0000006A   0x0089             LSLS     R1,R1,#+2
   \   0000006C   0xEB11 0x1140      ADDS     R1,R1,R0, LSL #+5
   \   00000070   0xF111 0x4184      ADDS     R1,R1,#+1107296256
   \   00000074   0x2000             MOVS     R0,#+0
   \   00000076   0x6008             STR      R0,[R1, #+0]
   \   00000078   0xE034             B.N      ??write_data_1
    115              //asm("nop");
    116              while(i--)
    117              {
    118                  OLED_SDA = (((data&0x80)?(1):(0)) ^ flip);
   \                     ??write_data_2: (+1)
   \   0000007A   0x.... 0x....      LDR.W    R0,??DataTable7_2
   \   0000007E   0x6800             LDR      R0,[R0, #+0]
   \   00000080   0x68C0             LDR      R0,[R0, #+12]
   \   00000082   0x.... 0x....      LDR.W    R1,??DataTable7_2
   \   00000086   0x6809             LDR      R1,[R1, #+0]
   \   00000088   0x6949             LDR      R1,[R1, #+20]
   \   0000008A   0x0089             LSLS     R1,R1,#+2
   \   0000008C   0xEB11 0x1140      ADDS     R1,R1,R0, LSL #+5
   \   00000090   0xF111 0x4184      ADDS     R1,R1,#+1107296256
   \   00000094   0x0020             MOVS     R0,R4
   \   00000096   0xB2C0             UXTB     R0,R0            ;; ZeroExt  R0,R0,#+24,#+24
   \   00000098   0x09C0             LSRS     R0,R0,#+7
   \   0000009A   0xB2C0             UXTB     R0,R0            ;; ZeroExt  R0,R0,#+24,#+24
   \   0000009C   0xB2ED             UXTB     R5,R5            ;; ZeroExt  R5,R5,#+24,#+24
   \   0000009E   0x4068             EORS     R0,R5,R0
   \   000000A0   0x6008             STR      R0,[R1, #+0]
    119                  OLED_SCL=1;asm("nop");asm("nop");OLED_SCL=0;
   \   000000A2   0x.... 0x....      LDR.W    R0,??DataTable7_2
   \   000000A6   0x6800             LDR      R0,[R0, #+0]
   \   000000A8   0x6800             LDR      R0,[R0, #+0]
   \   000000AA   0x.... 0x....      LDR.W    R1,??DataTable7_2
   \   000000AE   0x6809             LDR      R1,[R1, #+0]
   \   000000B0   0x6889             LDR      R1,[R1, #+8]
   \   000000B2   0x0089             LSLS     R1,R1,#+2
   \   000000B4   0xEB11 0x1140      ADDS     R1,R1,R0, LSL #+5
   \   000000B8   0xF111 0x4184      ADDS     R1,R1,#+1107296256
   \   000000BC   0x2001             MOVS     R0,#+1
   \   000000BE   0x6008             STR      R0,[R1, #+0]
   \   000000C0   0xBF00             nop
   \   000000C2   0xBF00             nop
   \   000000C4   0x.... 0x....      LDR.W    R0,??DataTable7_2
   \   000000C8   0x6800             LDR      R0,[R0, #+0]
   \   000000CA   0x6800             LDR      R0,[R0, #+0]
   \   000000CC   0x.... 0x....      LDR.W    R1,??DataTable7_2
   \   000000D0   0x6809             LDR      R1,[R1, #+0]
   \   000000D2   0x6889             LDR      R1,[R1, #+8]
   \   000000D4   0x0089             LSLS     R1,R1,#+2
   \   000000D6   0xEB11 0x1140      ADDS     R1,R1,R0, LSL #+5
   \   000000DA   0xF111 0x4184      ADDS     R1,R1,#+1107296256
   \   000000DE   0x2000             MOVS     R0,#+0
   \   000000E0   0x6008             STR      R0,[R1, #+0]
    120                  data<<=1;
   \   000000E2   0x0064             LSLS     R4,R4,#+1
    121              }
   \                     ??write_data_1: (+1)
   \   000000E4   0x0030             MOVS     R0,R6
   \   000000E6   0x1E46             SUBS     R6,R0,#+1
   \   000000E8   0xB2C0             UXTB     R0,R0            ;; ZeroExt  R0,R0,#+24,#+24
   \   000000EA   0x2800             CMP      R0,#+0
   \   000000EC   0xD1C5             BNE.N    ??write_data_2
    122              OLED_CS=1;
   \   000000EE   0x.... 0x....      LDR.W    R0,??DataTable7_2
   \   000000F2   0x6800             LDR      R0,[R0, #+0]
   \   000000F4   0x6B00             LDR      R0,[R0, #+48]
   \   000000F6   0x.... 0x....      LDR.W    R1,??DataTable7_2
   \   000000FA   0x6809             LDR      R1,[R1, #+0]
   \   000000FC   0x6B89             LDR      R1,[R1, #+56]
   \   000000FE   0x0089             LSLS     R1,R1,#+2
   \   00000100   0xEB11 0x1140      ADDS     R1,R1,R0, LSL #+5
   \   00000104   0xF111 0x4184      ADDS     R1,R1,#+1107296256
   \   00000108   0x2001             MOVS     R0,#+1
   \   0000010A   0x6008             STR      R0,[R1, #+0]
    123              oled->col ++;
   \   0000010C   0x.... 0x....      LDR.W    R0,??DataTable7
   \   00000110   0x6800             LDR      R0,[R0, #+0]
   \   00000112   0x7840             LDRB     R0,[R0, #+1]
   \   00000114   0x1C40             ADDS     R0,R0,#+1
   \   00000116   0x.... 0x....      LDR.W    R1,??DataTable7
   \   0000011A   0x6809             LDR      R1,[R1, #+0]
   \   0000011C   0x7048             STRB     R0,[R1, #+1]
    124          }
   \   0000011E   0xBD70             POP      {R4-R6,PC}       ;; return
    125          

   \                                 In section .text, align 4, keep-with-next
    126          static void write_cmd(uint8 cmd){
   \                     write_cmd: (+1)
   \   00000000   0x0001             MOVS     R1,R0
    127              uint8 i=8;
   \   00000002   0x2208             MOVS     R2,#+8
    128              OLED_CS=0;
   \   00000004   0x.... 0x....      LDR.W    R0,??DataTable7_2
   \   00000008   0x6800             LDR      R0,[R0, #+0]
   \   0000000A   0x6B00             LDR      R0,[R0, #+48]
   \   0000000C   0x.... 0x....      LDR.W    R3,??DataTable7_2
   \   00000010   0x681B             LDR      R3,[R3, #+0]
   \   00000012   0x6B9B             LDR      R3,[R3, #+56]
   \   00000014   0x009B             LSLS     R3,R3,#+2
   \   00000016   0xEB13 0x1340      ADDS     R3,R3,R0, LSL #+5
   \   0000001A   0xF113 0x4384      ADDS     R3,R3,#+1107296256
   \   0000001E   0x2000             MOVS     R0,#+0
   \   00000020   0x6018             STR      R0,[R3, #+0]
    129              OLED_DC=0;
   \   00000022   0x.... 0x....      LDR.W    R0,??DataTable7_2
   \   00000026   0x6800             LDR      R0,[R0, #+0]
   \   00000028   0x6A40             LDR      R0,[R0, #+36]
   \   0000002A   0x.... 0x....      LDR.W    R3,??DataTable7_2
   \   0000002E   0x681B             LDR      R3,[R3, #+0]
   \   00000030   0x6ADB             LDR      R3,[R3, #+44]
   \   00000032   0x009B             LSLS     R3,R3,#+2
   \   00000034   0xEB13 0x1340      ADDS     R3,R3,R0, LSL #+5
   \   00000038   0xF113 0x4384      ADDS     R3,R3,#+1107296256
   \   0000003C   0x2000             MOVS     R0,#+0
   \   0000003E   0x6018             STR      R0,[R3, #+0]
    130              OLED_SCL=0;
   \   00000040   0x.... 0x....      LDR.W    R0,??DataTable7_2
   \   00000044   0x6800             LDR      R0,[R0, #+0]
   \   00000046   0x6800             LDR      R0,[R0, #+0]
   \   00000048   0x.... 0x....      LDR.W    R3,??DataTable7_2
   \   0000004C   0x681B             LDR      R3,[R3, #+0]
   \   0000004E   0x689B             LDR      R3,[R3, #+8]
   \   00000050   0x009B             LSLS     R3,R3,#+2
   \   00000052   0xEB13 0x1340      ADDS     R3,R3,R0, LSL #+5
   \   00000056   0xF113 0x4384      ADDS     R3,R3,#+1107296256
   \   0000005A   0x2000             MOVS     R0,#+0
   \   0000005C   0x6018             STR      R0,[R3, #+0]
   \   0000005E   0xE032             B.N      ??write_cmd_0
    131              //asm("nop");
    132              while(i--)
    133              {
    134                  OLED_SDA = ((cmd&0x80)?(1):(0));
   \                     ??write_cmd_1: (+1)
   \   00000060   0x.... 0x....      LDR.W    R0,??DataTable7_2
   \   00000064   0x6800             LDR      R0,[R0, #+0]
   \   00000066   0x68C0             LDR      R0,[R0, #+12]
   \   00000068   0x.... 0x....      LDR.W    R3,??DataTable7_2
   \   0000006C   0x681B             LDR      R3,[R3, #+0]
   \   0000006E   0x695B             LDR      R3,[R3, #+20]
   \   00000070   0x009B             LSLS     R3,R3,#+2
   \   00000072   0xEB13 0x1340      ADDS     R3,R3,R0, LSL #+5
   \   00000076   0xF113 0x4384      ADDS     R3,R3,#+1107296256
   \   0000007A   0x0008             MOVS     R0,R1
   \   0000007C   0xB2C0             UXTB     R0,R0            ;; ZeroExt  R0,R0,#+24,#+24
   \   0000007E   0x09C0             LSRS     R0,R0,#+7
   \   00000080   0xB2C0             UXTB     R0,R0            ;; ZeroExt  R0,R0,#+24,#+24
   \   00000082   0x6018             STR      R0,[R3, #+0]
    135                  OLED_SCL=1;asm("nop");asm("nop");OLED_SCL=0;;
   \   00000084   0x.... 0x....      LDR.W    R0,??DataTable7_2
   \   00000088   0x6800             LDR      R0,[R0, #+0]
   \   0000008A   0x6800             LDR      R0,[R0, #+0]
   \   0000008C   0x.... 0x....      LDR.W    R3,??DataTable7_2
   \   00000090   0x681B             LDR      R3,[R3, #+0]
   \   00000092   0x689B             LDR      R3,[R3, #+8]
   \   00000094   0x009B             LSLS     R3,R3,#+2
   \   00000096   0xEB13 0x1340      ADDS     R3,R3,R0, LSL #+5
   \   0000009A   0xF113 0x4384      ADDS     R3,R3,#+1107296256
   \   0000009E   0x2001             MOVS     R0,#+1
   \   000000A0   0x6018             STR      R0,[R3, #+0]
   \   000000A2   0xBF00             nop
   \   000000A4   0xBF00             nop
   \   000000A6   0x.... 0x....      LDR.W    R0,??DataTable7_2
   \   000000AA   0x6800             LDR      R0,[R0, #+0]
   \   000000AC   0x6800             LDR      R0,[R0, #+0]
   \   000000AE   0x.... 0x....      LDR.W    R3,??DataTable7_2
   \   000000B2   0x681B             LDR      R3,[R3, #+0]
   \   000000B4   0x689B             LDR      R3,[R3, #+8]
   \   000000B6   0x009B             LSLS     R3,R3,#+2
   \   000000B8   0xEB13 0x1340      ADDS     R3,R3,R0, LSL #+5
   \   000000BC   0xF113 0x4384      ADDS     R3,R3,#+1107296256
   \   000000C0   0x2000             MOVS     R0,#+0
   \   000000C2   0x6018             STR      R0,[R3, #+0]
    136                  cmd<<=1;
   \   000000C4   0x0049             LSLS     R1,R1,#+1
    137              }
   \                     ??write_cmd_0: (+1)
   \   000000C6   0x0010             MOVS     R0,R2
   \   000000C8   0x1E42             SUBS     R2,R0,#+1
   \   000000CA   0xB2C0             UXTB     R0,R0            ;; ZeroExt  R0,R0,#+24,#+24
   \   000000CC   0x2800             CMP      R0,#+0
   \   000000CE   0xD1C7             BNE.N    ??write_cmd_1
    138              OLED_CS=1;
   \   000000D0   0x.... 0x....      LDR.W    R0,??DataTable7_2
   \   000000D4   0x6800             LDR      R0,[R0, #+0]
   \   000000D6   0x6B00             LDR      R0,[R0, #+48]
   \   000000D8   0x.... 0x....      LDR.W    R1,??DataTable7_2
   \   000000DC   0x6809             LDR      R1,[R1, #+0]
   \   000000DE   0x6B89             LDR      R1,[R1, #+56]
   \   000000E0   0x0089             LSLS     R1,R1,#+2
   \   000000E2   0xEB11 0x1140      ADDS     R1,R1,R0, LSL #+5
   \   000000E6   0xF111 0x4184      ADDS     R1,R1,#+1107296256
   \   000000EA   0x2001             MOVS     R0,#+1
   \   000000EC   0x6008             STR      R0,[R1, #+0]
    139          }
   \   000000EE   0x4770             BX       LR               ;; return
    140          //设置内容开始位置 128col 8page

   \                                 In section .text, align 2, keep-with-next
    141          static void move_cursor_to(uint8 page, uint8 col){
   \                     move_cursor_to: (+1)
   \   00000000   0xB538             PUSH     {R3-R5,LR}
   \   00000002   0x0004             MOVS     R4,R0
   \   00000004   0x000D             MOVS     R5,R1
    142              ASSERT(page < OLED_PAGE && col < OLED_COL);
   \   00000006   0xB2E4             UXTB     R4,R4            ;; ZeroExt  R4,R4,#+24,#+24
   \   00000008   0x2C08             CMP      R4,#+8
   \   0000000A   0xDA02             BGE.N    ??move_cursor_to_0
   \   0000000C   0xB2ED             UXTB     R5,R5            ;; ZeroExt  R5,R5,#+24,#+24
   \   0000000E   0x2D80             CMP      R5,#+128
   \   00000010   0xDB04             BLT.N    ??move_cursor_to_1
   \                     ??move_cursor_to_0: (+1)
   \   00000012   0x218E             MOVS     R1,#+142
   \   00000014   0x.... 0x....      LDR.W    R0,??DataTable7_1
   \   00000018   0x.... 0x....      BL       assert_failed
    143              write_cmd(0xb0 + page);
   \                     ??move_cursor_to_1: (+1)
   \   0000001C   0xF1B4 0x0050      SUBS     R0,R4,#+80
   \   00000020   0xB2C0             UXTB     R0,R0            ;; ZeroExt  R0,R0,#+24,#+24
   \   00000022   0x.... 0x....      BL       write_cmd
    144              write_cmd(0x0f & col);
   \   00000026   0xF015 0x000F      ANDS     R0,R5,#0xF
   \   0000002A   0x.... 0x....      BL       write_cmd
    145              write_cmd(0x10 | (col >> 4));
   \   0000002E   0x0028             MOVS     R0,R5
   \   00000030   0xB2C0             UXTB     R0,R0            ;; ZeroExt  R0,R0,#+24,#+24
   \   00000032   0x0900             LSRS     R0,R0,#+4
   \   00000034   0xF050 0x0010      ORRS     R0,R0,#0x10
   \   00000038   0xB2C0             UXTB     R0,R0            ;; ZeroExt  R0,R0,#+24,#+24
   \   0000003A   0x.... 0x....      BL       write_cmd
    146              oled->page = page;
   \   0000003E   0x.... 0x....      LDR.W    R0,??DataTable7
   \   00000042   0x6800             LDR      R0,[R0, #+0]
   \   00000044   0x7004             STRB     R4,[R0, #+0]
    147              oled->col = col;
   \   00000046   0x.... 0x....      LDR.W    R0,??DataTable7
   \   0000004A   0x6800             LDR      R0,[R0, #+0]
   \   0000004C   0x7045             STRB     R5,[R0, #+1]
    148          }
   \   0000004E   0xBD31             POP      {R0,R4,R5,PC}    ;; return
    149          //margin：边框

   \                                 In section .text, align 2, keep-with-next
    150          static void flush_buffer(oled_region_t * region, boolean show_margin, boolean flip){
   \                     flush_buffer: (+1)
   \   00000000   0xE92D 0x43F8      PUSH     {R3-R9,LR}
   \   00000004   0x0007             MOVS     R7,R0
   \   00000006   0x000D             MOVS     R5,R1
   \   00000008   0x0014             MOVS     R4,R2
    151              uint8 page_end = region->page_start + region->page_size;
   \   0000000A   0xF897 0x8000      LDRB     R8,[R7, #+0]
   \   0000000E   0x78B8             LDRB     R0,[R7, #+2]
   \   00000010   0xEB10 0x0808      ADDS     R8,R0,R8
    152              uint8 col_end = region->col_start + region->col_size - (show_margin?1:0);
   \   00000014   0xB2ED             UXTB     R5,R5            ;; ZeroExt  R5,R5,#+24,#+24
   \   00000016   0x2D00             CMP      R5,#+0
   \   00000018   0xD002             BEQ.N    ??flush_buffer_0
   \   0000001A   0xF05F 0x0901      MOVS     R9,#+1
   \   0000001E   0xE001             B.N      ??flush_buffer_1
   \                     ??flush_buffer_0: (+1)
   \   00000020   0xF05F 0x0900      MOVS     R9,#+0
   \                     ??flush_buffer_1: (+1)
   \   00000024   0x7879             LDRB     R1,[R7, #+1]
   \   00000026   0x78F8             LDRB     R0,[R7, #+3]
   \   00000028   0x1841             ADDS     R1,R0,R1
   \   0000002A   0xEBB1 0x0909      SUBS     R9,R1,R9
    153              uint8 margin_mask;
    154              flip = (flip ? 1 : 0);
   \   0000002E   0xB2E4             UXTB     R4,R4            ;; ZeroExt  R4,R4,#+24,#+24
   \   00000030   0x2C00             CMP      R4,#+0
   \   00000032   0xD001             BEQ.N    ??flush_buffer_2
   \   00000034   0x2401             MOVS     R4,#+1
   \   00000036   0xE000             B.N      ??flush_buffer_3
   \                     ??flush_buffer_2: (+1)
   \   00000038   0x2400             MOVS     R4,#+0
    155              for(oled->page = region->page_start;oled->page < page_end; oled->page++){
   \                     ??flush_buffer_3: (+1)
   \   0000003A   0x7838             LDRB     R0,[R7, #+0]
   \   0000003C   0x.... 0x....      LDR.W    R1,??DataTable7
   \   00000040   0x6809             LDR      R1,[R1, #+0]
   \   00000042   0x7008             STRB     R0,[R1, #+0]
   \   00000044   0xE047             B.N      ??flush_buffer_4
    156          
    157                  move_cursor_to(oled->page, region->col_start);
    158          
    159                  if(show_margin){
    160                      margin_mask = 0x00;
    161                      if(region->page_start + 1 == page_end) margin_mask = 0x81;
    162                      else if(oled->page == region->page_start) margin_mask = 0x01;
    163                      else if(oled->page + 1 == page_end) margin_mask = 0x80;
    164                      write_data(0xff, 0);
    165                      if(margin_mask){
    166                          while (oled->col < col_end) write_data(margin_mask | ((oled->buff[oled->page * OLED_COL + oled->col]) ^ (flip?0xff:0)), 0);
    167                      }else{
    168                          while (oled->col < col_end) write_data(oled->buff[oled->page * OLED_COL + oled->col], flip);
    169                      }
    170                      write_data(0xff, 0);
    171                  }else{
    172                      while (oled->col < col_end) write_data(oled->buff[oled->page * OLED_COL + oled->col], flip);
   \                     ??flush_buffer_5: (+1)
   \   00000046   0x0021             MOVS     R1,R4
   \   00000048   0xB2C9             UXTB     R1,R1            ;; ZeroExt  R1,R1,#+24,#+24
   \   0000004A   0x.... 0x....      LDR.W    R0,??DataTable7
   \   0000004E   0x6802             LDR      R2,[R0, #+0]
   \   00000050   0x.... 0x....      LDR.W    R0,??DataTable7
   \   00000054   0x6800             LDR      R0,[R0, #+0]
   \   00000056   0x7803             LDRB     R3,[R0, #+0]
   \   00000058   0x2680             MOVS     R6,#+128
   \   0000005A   0x.... 0x....      LDR.W    R0,??DataTable7
   \   0000005E   0x6800             LDR      R0,[R0, #+0]
   \   00000060   0x7840             LDRB     R0,[R0, #+1]
   \   00000062   0xFB06 0x0303      MLA      R3,R6,R3,R0
   \   00000066   0xEB02 0x0003      ADD      R0,R2,R3
   \   0000006A   0x7880             LDRB     R0,[R0, #+2]
   \   0000006C   0x.... 0x....      BL       write_data
   \                     ??flush_buffer_6: (+1)
   \   00000070   0x.... 0x....      LDR.W    R0,??DataTable7
   \   00000074   0x6800             LDR      R0,[R0, #+0]
   \   00000076   0x7840             LDRB     R0,[R0, #+1]
   \   00000078   0x4649             MOV      R1,R9
   \   0000007A   0xB2C9             UXTB     R1,R1            ;; ZeroExt  R1,R1,#+24,#+24
   \   0000007C   0x4288             CMP      R0,R1
   \   0000007E   0xD3E2             BCC.N    ??flush_buffer_5
   \   00000080   0xE020             B.N      ??flush_buffer_7
    173                  }       
   \                     ??flush_buffer_8: (+1)
   \   00000082   0x0021             MOVS     R1,R4
   \   00000084   0xB2C9             UXTB     R1,R1            ;; ZeroExt  R1,R1,#+24,#+24
   \   00000086   0x.... 0x....      LDR.W    R0,??DataTable7
   \   0000008A   0x6802             LDR      R2,[R0, #+0]
   \   0000008C   0x.... 0x....      LDR.W    R0,??DataTable7
   \   00000090   0x6800             LDR      R0,[R0, #+0]
   \   00000092   0x7803             LDRB     R3,[R0, #+0]
   \   00000094   0x2680             MOVS     R6,#+128
   \   00000096   0x.... 0x....      LDR.W    R0,??DataTable7
   \   0000009A   0x6800             LDR      R0,[R0, #+0]
   \   0000009C   0x7840             LDRB     R0,[R0, #+1]
   \   0000009E   0xFB06 0x0303      MLA      R3,R6,R3,R0
   \   000000A2   0xEB02 0x0003      ADD      R0,R2,R3
   \   000000A6   0x7880             LDRB     R0,[R0, #+2]
   \   000000A8   0x.... 0x....      BL       write_data
   \                     ??flush_buffer_9: (+1)
   \   000000AC   0x.... 0x....      LDR.W    R0,??DataTable7
   \   000000B0   0x6800             LDR      R0,[R0, #+0]
   \   000000B2   0x7840             LDRB     R0,[R0, #+1]
   \   000000B4   0x4649             MOV      R1,R9
   \   000000B6   0xB2C9             UXTB     R1,R1            ;; ZeroExt  R1,R1,#+24,#+24
   \   000000B8   0x4288             CMP      R0,R1
   \   000000BA   0xD3E2             BCC.N    ??flush_buffer_8
   \                     ??flush_buffer_10: (+1)
   \   000000BC   0x2100             MOVS     R1,#+0
   \   000000BE   0x20FF             MOVS     R0,#+255
   \   000000C0   0x.... 0x....      BL       write_data
   \                     ??flush_buffer_7: (+1)
   \   000000C4   0x.... 0x....      LDR.W    R0,??DataTable7
   \   000000C8   0x6800             LDR      R0,[R0, #+0]
   \   000000CA   0x7800             LDRB     R0,[R0, #+0]
   \   000000CC   0x1C40             ADDS     R0,R0,#+1
   \   000000CE   0x.... 0x....      LDR.W    R1,??DataTable7
   \   000000D2   0x6809             LDR      R1,[R1, #+0]
   \   000000D4   0x7008             STRB     R0,[R1, #+0]
   \                     ??flush_buffer_4: (+1)
   \   000000D6   0x.... 0x....      LDR.W    R0,??DataTable7
   \   000000DA   0x6800             LDR      R0,[R0, #+0]
   \   000000DC   0x7800             LDRB     R0,[R0, #+0]
   \   000000DE   0x4641             MOV      R1,R8
   \   000000E0   0xB2C9             UXTB     R1,R1            ;; ZeroExt  R1,R1,#+24,#+24
   \   000000E2   0x4288             CMP      R0,R1
   \   000000E4   0xD254             BCS.N    ??flush_buffer_11
   \   000000E6   0x7879             LDRB     R1,[R7, #+1]
   \   000000E8   0x.... 0x....      LDR.W    R0,??DataTable7
   \   000000EC   0x6800             LDR      R0,[R0, #+0]
   \   000000EE   0x7800             LDRB     R0,[R0, #+0]
   \   000000F0   0x.... 0x....      BL       move_cursor_to
   \   000000F4   0xB2ED             UXTB     R5,R5            ;; ZeroExt  R5,R5,#+24,#+24
   \   000000F6   0x2D00             CMP      R5,#+0
   \   000000F8   0xD0BA             BEQ.N    ??flush_buffer_6
   \   000000FA   0x2600             MOVS     R6,#+0
   \   000000FC   0x7838             LDRB     R0,[R7, #+0]
   \   000000FE   0x1C40             ADDS     R0,R0,#+1
   \   00000100   0xFA5F 0xF888      UXTB     R8,R8            ;; ZeroExt  R8,R8,#+24,#+24
   \   00000104   0x4540             CMP      R0,R8
   \   00000106   0xD101             BNE.N    ??flush_buffer_12
   \   00000108   0x2681             MOVS     R6,#+129
   \   0000010A   0xE012             B.N      ??flush_buffer_13
   \                     ??flush_buffer_12: (+1)
   \   0000010C   0x.... 0x....      LDR.W    R0,??DataTable7
   \   00000110   0x6800             LDR      R0,[R0, #+0]
   \   00000112   0x7800             LDRB     R0,[R0, #+0]
   \   00000114   0x7839             LDRB     R1,[R7, #+0]
   \   00000116   0x4288             CMP      R0,R1
   \   00000118   0xD101             BNE.N    ??flush_buffer_14
   \   0000011A   0x2601             MOVS     R6,#+1
   \   0000011C   0xE009             B.N      ??flush_buffer_13
   \                     ??flush_buffer_14: (+1)
   \   0000011E   0x.... 0x....      LDR.W    R0,??DataTable7
   \   00000122   0x6800             LDR      R0,[R0, #+0]
   \   00000124   0x7800             LDRB     R0,[R0, #+0]
   \   00000126   0x1C40             ADDS     R0,R0,#+1
   \   00000128   0xFA5F 0xF888      UXTB     R8,R8            ;; ZeroExt  R8,R8,#+24,#+24
   \   0000012C   0x4540             CMP      R0,R8
   \   0000012E   0xD100             BNE.N    ??flush_buffer_13
   \   00000130   0x2680             MOVS     R6,#+128
   \                     ??flush_buffer_13: (+1)
   \   00000132   0x2100             MOVS     R1,#+0
   \   00000134   0x20FF             MOVS     R0,#+255
   \   00000136   0x.... 0x....      BL       write_data
   \   0000013A   0xB2F6             UXTB     R6,R6            ;; ZeroExt  R6,R6,#+24,#+24
   \   0000013C   0x2E00             CMP      R6,#+0
   \   0000013E   0xD0B5             BEQ.N    ??flush_buffer_9
   \                     ??flush_buffer_15: (+1)
   \   00000140   0x.... 0x....      LDR.W    R0,??DataTable7
   \   00000144   0x6800             LDR      R0,[R0, #+0]
   \   00000146   0x7840             LDRB     R0,[R0, #+1]
   \   00000148   0x4649             MOV      R1,R9
   \   0000014A   0xB2C9             UXTB     R1,R1            ;; ZeroExt  R1,R1,#+24,#+24
   \   0000014C   0x4288             CMP      R0,R1
   \   0000014E   0xD2B5             BCS.N    ??flush_buffer_10
   \   00000150   0xB2E4             UXTB     R4,R4            ;; ZeroExt  R4,R4,#+24,#+24
   \   00000152   0x2C00             CMP      R4,#+0
   \   00000154   0xD101             BNE.N    ??flush_buffer_16
   \                     ??flush_buffer_17: (+1)
   \   00000156   0x2000             MOVS     R0,#+0
   \   00000158   0xE000             B.N      ??flush_buffer_18
   \                     ??flush_buffer_16: (+1)
   \   0000015A   0x20FF             MOVS     R0,#+255
   \                     ??flush_buffer_18: (+1)
   \   0000015C   0x2100             MOVS     R1,#+0
   \   0000015E   0x.... 0x....      LDR.W    R2,??DataTable7
   \   00000162   0x6813             LDR      R3,[R2, #+0]
   \   00000164   0x.... 0x....      LDR.W    R2,??DataTable7
   \   00000168   0x6812             LDR      R2,[R2, #+0]
   \   0000016A   0xF892 0xC000      LDRB     R12,[R2, #+0]
   \   0000016E   0xF05F 0x0E80      MOVS     LR,#+128
   \   00000172   0x.... 0x....      LDR.W    R2,??DataTable7
   \   00000176   0x6812             LDR      R2,[R2, #+0]
   \   00000178   0x7852             LDRB     R2,[R2, #+1]
   \   0000017A   0xFB0E 0x2C0C      MLA      R12,LR,R12,R2
   \   0000017E   0xEB03 0x020C      ADD      R2,R3,R12
   \   00000182   0x7892             LDRB     R2,[R2, #+2]
   \   00000184   0x4050             EORS     R0,R0,R2
   \   00000186   0x4330             ORRS     R0,R0,R6
   \   00000188   0xB2C0             UXTB     R0,R0            ;; ZeroExt  R0,R0,#+24,#+24
   \   0000018A   0x.... 0x....      BL       write_data
   \   0000018E   0xE7D7             B.N      ??flush_buffer_15
    174              }
    175          }
   \                     ??flush_buffer_11: (+1)
   \   00000190   0xE8BD 0x83F1      POP      {R0,R4-R9,PC}    ;; return
    176          
    177          //填充屏幕 data 8位数据用于填充一页中的一列

   \                                 In section .text, align 2, keep-with-next
    178          static void fill_with(const oled_region_t * region, uint8 data){
   \                     fill_with: (+1)
   \   00000000   0xB5F8             PUSH     {R3-R7,LR}
   \   00000002   0x0004             MOVS     R4,R0
   \   00000004   0x000D             MOVS     R5,R1
    179              uint8 page_end = region->page_start + region->page_size;
   \   00000006   0x7826             LDRB     R6,[R4, #+0]
   \   00000008   0x78A0             LDRB     R0,[R4, #+2]
   \   0000000A   0x1986             ADDS     R6,R0,R6
    180              uint8 col_end = region->col_start + region->col_size;
   \   0000000C   0x7867             LDRB     R7,[R4, #+1]
   \   0000000E   0x78E0             LDRB     R0,[R4, #+3]
   \   00000010   0x19C7             ADDS     R7,R0,R7
    181              for(oled->page = region->page_start;oled->page < page_end; oled->page++){
   \   00000012   0x7820             LDRB     R0,[R4, #+0]
   \   00000014   0x.... 0x....      LDR.W    R1,??DataTable7
   \   00000018   0x6809             LDR      R1,[R1, #+0]
   \   0000001A   0x7008             STRB     R0,[R1, #+0]
   \   0000001C   0xE015             B.N      ??fill_with_0
    182                  move_cursor_to(oled->page, region->col_start);
    183                  while (oled->col < col_end) write_data(data, 0);
   \                     ??fill_with_1: (+1)
   \   0000001E   0x2100             MOVS     R1,#+0
   \   00000020   0x0028             MOVS     R0,R5
   \   00000022   0xB2C0             UXTB     R0,R0            ;; ZeroExt  R0,R0,#+24,#+24
   \   00000024   0x.... 0x....      BL       write_data
   \                     ??fill_with_2: (+1)
   \   00000028   0x.... 0x....      LDR.W    R0,??DataTable7
   \   0000002C   0x6800             LDR      R0,[R0, #+0]
   \   0000002E   0x7840             LDRB     R0,[R0, #+1]
   \   00000030   0x0039             MOVS     R1,R7
   \   00000032   0xB2C9             UXTB     R1,R1            ;; ZeroExt  R1,R1,#+24,#+24
   \   00000034   0x4288             CMP      R0,R1
   \   00000036   0xD3F2             BCC.N    ??fill_with_1
   \   00000038   0x.... 0x....      LDR.W    R0,??DataTable7
   \   0000003C   0x6800             LDR      R0,[R0, #+0]
   \   0000003E   0x7800             LDRB     R0,[R0, #+0]
   \   00000040   0x1C40             ADDS     R0,R0,#+1
   \   00000042   0x.... 0x....      LDR.W    R1,??DataTable7
   \   00000046   0x6809             LDR      R1,[R1, #+0]
   \   00000048   0x7008             STRB     R0,[R1, #+0]
   \                     ??fill_with_0: (+1)
   \   0000004A   0x.... 0x....      LDR.W    R0,??DataTable7
   \   0000004E   0x6800             LDR      R0,[R0, #+0]
   \   00000050   0x7800             LDRB     R0,[R0, #+0]
   \   00000052   0x0031             MOVS     R1,R6
   \   00000054   0xB2C9             UXTB     R1,R1            ;; ZeroExt  R1,R1,#+24,#+24
   \   00000056   0x4288             CMP      R0,R1
   \   00000058   0xD207             BCS.N    ??fill_with_3
   \   0000005A   0x7861             LDRB     R1,[R4, #+1]
   \   0000005C   0x.... 0x....      LDR.W    R0,??DataTable7
   \   00000060   0x6800             LDR      R0,[R0, #+0]
   \   00000062   0x7800             LDRB     R0,[R0, #+0]
   \   00000064   0x.... 0x....      BL       move_cursor_to
   \   00000068   0xE7DE             B.N      ??fill_with_2
    184              }
    185          }
   \                     ??fill_with_3: (+1)
   \   0000006A   0xBDF1             POP      {R0,R4-R7,PC}    ;; return
    186          

   \                                 In section .text, align 2, keep-with-next
    187          static void load_image(oled_region_t * region, image_region_t * imgroi){
   \                     load_image: (+1)
   \   00000000   0xE92D 0x41F0      PUSH     {R4-R8,LR}
   \   00000004   0x0002             MOVS     R2,R0
    188              uint8 page, col, i;
    189          
    190              for(page = 0; page < region->page_size; page++){
   \   00000006   0x2300             MOVS     R3,#+0
   \   00000008   0xE000             B.N      ??load_image_0
   \                     ??load_image_1: (+1)
   \   0000000A   0x1C5B             ADDS     R3,R3,#+1
   \                     ??load_image_0: (+1)
   \   0000000C   0x0018             MOVS     R0,R3
   \   0000000E   0x7894             LDRB     R4,[R2, #+2]
   \   00000010   0xB2C0             UXTB     R0,R0            ;; ZeroExt  R0,R0,#+24,#+24
   \   00000012   0x42A0             CMP      R0,R4
   \   00000014   0xD264             BCS.N    ??load_image_2
    191                  for(col = 0; col < region->col_size; col++){
   \   00000016   0x2400             MOVS     R4,#+0
   \   00000018   0xE000             B.N      ??load_image_3
   \                     ??load_image_4: (+1)
   \   0000001A   0x1C64             ADDS     R4,R4,#+1
   \                     ??load_image_3: (+1)
   \   0000001C   0x0020             MOVS     R0,R4
   \   0000001E   0x78D5             LDRB     R5,[R2, #+3]
   \   00000020   0xB2C0             UXTB     R0,R0            ;; ZeroExt  R0,R0,#+24,#+24
   \   00000022   0x42A8             CMP      R0,R5
   \   00000024   0xD2F1             BCS.N    ??load_image_1
    192                      region_idx(region, page, col) = 0;//清零
   \   00000026   0x....             LDR.N    R0,??DataTable7
   \   00000028   0x6805             LDR      R5,[R0, #+0]
   \   0000002A   0x7810             LDRB     R0,[R2, #+0]
   \   0000002C   0xB2DB             UXTB     R3,R3            ;; ZeroExt  R3,R3,#+24,#+24
   \   0000002E   0xFA53 0xF680      UXTAB    R6,R3,R0
   \   00000032   0x2780             MOVS     R7,#+128
   \   00000034   0x7850             LDRB     R0,[R2, #+1]
   \   00000036   0xFB07 0x0606      MLA      R6,R7,R6,R0
   \   0000003A   0xFA56 0xF084      UXTAB    R0,R6,R4
   \   0000003E   0x4428             ADD      R0,R5,R0
   \   00000040   0x2500             MOVS     R5,#+0
   \   00000042   0x7085             STRB     R5,[R0, #+2]
    193                      for(i=0; i<8; i++){
   \   00000044   0x2500             MOVS     R5,#+0
   \                     ??load_image_5: (+1)
   \   00000046   0xB2ED             UXTB     R5,R5            ;; ZeroExt  R5,R5,#+24,#+24
   \   00000048   0x2D08             CMP      R5,#+8
   \   0000004A   0xDAE6             BGE.N    ??load_image_4
    194                          if(page*8+i < imgroi->row_size && col < imgroi->col_size){
   \   0000004C   0xB2DB             UXTB     R3,R3            ;; ZeroExt  R3,R3,#+24,#+24
   \   0000004E   0xB2ED             UXTB     R5,R5            ;; ZeroExt  R5,R5,#+24,#+24
   \   00000050   0xEB15 0x00C3      ADDS     R0,R5,R3, LSL #+3
   \   00000054   0xF9B1 0x6002      LDRSH    R6,[R1, #+2]
   \   00000058   0x42B0             CMP      R0,R6
   \   0000005A   0xDA3F             BGE.N    ??load_image_6
   \   0000005C   0x0020             MOVS     R0,R4
   \   0000005E   0xB2C0             UXTB     R0,R0            ;; ZeroExt  R0,R0,#+24,#+24
   \   00000060   0xF9B1 0x6006      LDRSH    R6,[R1, #+6]
   \   00000064   0xB200             SXTH     R0,R0            ;; SignExt  R0,R0,#+16,#+16
   \   00000066   0x42B0             CMP      R0,R6
   \   00000068   0xDA38             BGE.N    ??load_image_6
    195                              region_idx(region, page, col) |= ((imgroi)->data[(imgroi)->ncols * ((imgroi)->row_start + page*8+i) + (imgroi)->col_start + col]) ? (0x01<<i):(0);
   \   0000006A   0x68CE             LDR      R6,[R1, #+12]
   \   0000006C   0xF9B1 0x700A      LDRSH    R7,[R1, #+10]
   \   00000070   0xF9B1 0x0000      LDRSH    R0,[R1, #+0]
   \   00000074   0xB2DB             UXTB     R3,R3            ;; ZeroExt  R3,R3,#+24,#+24
   \   00000076   0xEA5F 0x0CC3      LSLS     R12,R3,#+3
   \   0000007A   0xFA0C 0xF080      SXTAH    R0,R12,R0
   \   0000007E   0xFA50 0xFC85      UXTAB    R12,R0,R5
   \   00000082   0xF9B1 0x0004      LDRSH    R0,[R1, #+4]
   \   00000086   0xFB0C 0x0707      MLA      R7,R12,R7,R0
   \   0000008A   0xFA57 0xF084      UXTAB    R0,R7,R4
   \   0000008E   0x5C30             LDRB     R0,[R6, R0]
   \   00000090   0x2800             CMP      R0,#+0
   \   00000092   0xD101             BNE.N    ??load_image_7
   \                     ??load_image_8: (+1)
   \   00000094   0x2600             MOVS     R6,#+0
   \   00000096   0xE001             B.N      ??load_image_9
   \                     ??load_image_7: (+1)
   \   00000098   0x2601             MOVS     R6,#+1
   \   0000009A   0x40AE             LSLS     R6,R6,R5
   \                     ??load_image_9: (+1)
   \   0000009C   0x....             LDR.N    R0,??DataTable7
   \   0000009E   0x6807             LDR      R7,[R0, #+0]
   \   000000A0   0x7810             LDRB     R0,[R2, #+0]
   \   000000A2   0xB2DB             UXTB     R3,R3            ;; ZeroExt  R3,R3,#+24,#+24
   \   000000A4   0xFA53 0xFC80      UXTAB    R12,R3,R0
   \   000000A8   0xF05F 0x0E80      MOVS     LR,#+128
   \   000000AC   0x7850             LDRB     R0,[R2, #+1]
   \   000000AE   0xFB0E 0x0C0C      MLA      R12,LR,R12,R0
   \   000000B2   0xFA5C 0xF084      UXTAB    R0,R12,R4
   \   000000B6   0x4407             ADD      R7,R7,R0
   \   000000B8   0x....             LDR.N    R0,??DataTable7
   \   000000BA   0xF8D0 0xC000      LDR      R12,[R0, #+0]
   \   000000BE   0x7810             LDRB     R0,[R2, #+0]
   \   000000C0   0xB2DB             UXTB     R3,R3            ;; ZeroExt  R3,R3,#+24,#+24
   \   000000C2   0xFA53 0xFE80      UXTAB    LR,R3,R0
   \   000000C6   0xF05F 0x0880      MOVS     R8,#+128
   \   000000CA   0x7850             LDRB     R0,[R2, #+1]
   \   000000CC   0xFB08 0x0E0E      MLA      LR,R8,LR,R0
   \   000000D0   0xFA5E 0xF084      UXTAB    R0,LR,R4
   \   000000D4   0x4460             ADD      R0,R12,R0
   \   000000D6   0x7880             LDRB     R0,[R0, #+2]
   \   000000D8   0x4306             ORRS     R6,R6,R0
   \   000000DA   0x70BE             STRB     R6,[R7, #+2]
    196                          }
    197                      }
   \                     ??load_image_6: (+1)
   \   000000DC   0x1C6D             ADDS     R5,R5,#+1
   \   000000DE   0xE7B2             B.N      ??load_image_5
    198                  }
    199              }
    200          }
   \                     ??load_image_2: (+1)
   \   000000E0   0xE8BD 0x81F0      POP      {R4-R8,PC}       ;; return
    201          

   \                                 In section .text, align 2, keep-with-next
    202          static void load_text(oled_region_t * region, char * text){
   \                     load_text: (+1)
   \   00000000   0xE92D 0x43F8      PUSH     {R3-R9,LR}
   \   00000004   0x0004             MOVS     R4,R0
   \   00000006   0x000D             MOVS     R5,R1
    203              uint8 * textend = text + strlen(text);
   \   00000008   0x0028             MOVS     R0,R5
   \   0000000A   0x.... 0x....      BL       strlen
   \   0000000E   0xEB05 0x0100      ADD      R1,R5,R0
    204              uint8 col_size = region->col_size /6 * 6;
   \   00000012   0x78E0             LDRB     R0,[R4, #+3]
   \   00000014   0x2206             MOVS     R2,#+6
   \   00000016   0xFB90 0xF2F2      SDIV     R2,R0,R2
   \   0000001A   0x2006             MOVS     R0,#+6
   \   0000001C   0x4342             MULS     R2,R0,R2
    205              uint8 page, col, i, ch;
    206              for(page = 0; page < region->page_size; page++){
   \   0000001E   0x2300             MOVS     R3,#+0
   \   00000020   0xE016             B.N      ??load_text_0
    207                  for(col = 0; col < col_size; ){
    208                      if(text < textend){
    209                          ch = *text++ - 32;
    210                          for(i=0;i<6;i++){
    211                              region_idx(region, page, col++) = F6x8[ch][i];
    212                          }
    213                      }else{
    214                          region_idx(region, page, col++) = 0;
    215                      }
    216                  }
    217                  for(;col < region->col_size;)
    218                      region_idx(region, page, col++) = 0;
   \                     ??load_text_1: (+1)
   \   00000022   0x....             LDR.N    R0,??DataTable7
   \   00000024   0x6807             LDR      R7,[R0, #+0]
   \   00000026   0x7820             LDRB     R0,[R4, #+0]
   \   00000028   0xB2DB             UXTB     R3,R3            ;; ZeroExt  R3,R3,#+24,#+24
   \   0000002A   0xFA53 0xFC80      UXTAB    R12,R3,R0
   \   0000002E   0xF05F 0x0E80      MOVS     LR,#+128
   \   00000032   0x7860             LDRB     R0,[R4, #+1]
   \   00000034   0xFB0E 0x0C0C      MLA      R12,LR,R12,R0
   \   00000038   0xFA5C 0xF086      UXTAB    R0,R12,R6
   \   0000003C   0x4438             ADD      R0,R7,R0
   \   0000003E   0x2700             MOVS     R7,#+0
   \   00000040   0x7087             STRB     R7,[R0, #+2]
   \   00000042   0x1C76             ADDS     R6,R6,#+1
   \                     ??load_text_2: (+1)
   \   00000044   0x0030             MOVS     R0,R6
   \   00000046   0x78E7             LDRB     R7,[R4, #+3]
   \   00000048   0xB2C0             UXTB     R0,R0            ;; ZeroExt  R0,R0,#+24,#+24
   \   0000004A   0x42B8             CMP      R0,R7
   \   0000004C   0xD3E9             BCC.N    ??load_text_1
   \   0000004E   0x1C5B             ADDS     R3,R3,#+1
   \                     ??load_text_0: (+1)
   \   00000050   0x0018             MOVS     R0,R3
   \   00000052   0x78A6             LDRB     R6,[R4, #+2]
   \   00000054   0xB2C0             UXTB     R0,R0            ;; ZeroExt  R0,R0,#+24,#+24
   \   00000056   0x42B0             CMP      R0,R6
   \   00000058   0xD246             BCS.N    ??load_text_3
   \   0000005A   0x2600             MOVS     R6,#+0
   \   0000005C   0xE010             B.N      ??load_text_4
   \                     ??load_text_5: (+1)
   \   0000005E   0x....             LDR.N    R0,??DataTable7
   \   00000060   0x6807             LDR      R7,[R0, #+0]
   \   00000062   0x7820             LDRB     R0,[R4, #+0]
   \   00000064   0xB2DB             UXTB     R3,R3            ;; ZeroExt  R3,R3,#+24,#+24
   \   00000066   0xFA53 0xFC80      UXTAB    R12,R3,R0
   \   0000006A   0xF05F 0x0E80      MOVS     LR,#+128
   \   0000006E   0x7860             LDRB     R0,[R4, #+1]
   \   00000070   0xFB0E 0x0C0C      MLA      R12,LR,R12,R0
   \   00000074   0xFA5C 0xF086      UXTAB    R0,R12,R6
   \   00000078   0x4438             ADD      R0,R7,R0
   \   0000007A   0x2700             MOVS     R7,#+0
   \   0000007C   0x7087             STRB     R7,[R0, #+2]
   \   0000007E   0x1C76             ADDS     R6,R6,#+1
   \                     ??load_text_4: (+1)
   \   00000080   0x0030             MOVS     R0,R6
   \   00000082   0x0017             MOVS     R7,R2
   \   00000084   0xB2C0             UXTB     R0,R0            ;; ZeroExt  R0,R0,#+24,#+24
   \   00000086   0xB2FF             UXTB     R7,R7            ;; ZeroExt  R7,R7,#+24,#+24
   \   00000088   0x42B8             CMP      R0,R7
   \   0000008A   0xD2DB             BCS.N    ??load_text_2
   \   0000008C   0x428D             CMP      R5,R1
   \   0000008E   0xD2E6             BCS.N    ??load_text_5
   \   00000090   0x7828             LDRB     R0,[R5, #+0]
   \   00000092   0xF1B0 0x0720      SUBS     R7,R0,#+32
   \   00000096   0x1C6D             ADDS     R5,R5,#+1
   \   00000098   0xF05F 0x0C00      MOVS     R12,#+0
   \                     ??load_text_6: (+1)
   \   0000009C   0xFA5F 0xFC8C      UXTB     R12,R12          ;; ZeroExt  R12,R12,#+24,#+24
   \   000000A0   0xF1BC 0x0F06      CMP      R12,#+6
   \   000000A4   0xDAEC             BGE.N    ??load_text_4
   \   000000A6   0x....             LDR.N    R0,??DataTable7
   \   000000A8   0xF8D0 0xE000      LDR      LR,[R0, #+0]
   \   000000AC   0x7820             LDRB     R0,[R4, #+0]
   \   000000AE   0xB2DB             UXTB     R3,R3            ;; ZeroExt  R3,R3,#+24,#+24
   \   000000B0   0xFA53 0xF880      UXTAB    R8,R3,R0
   \   000000B4   0xF05F 0x0980      MOVS     R9,#+128
   \   000000B8   0x7860             LDRB     R0,[R4, #+1]
   \   000000BA   0xFB09 0x0808      MLA      R8,R9,R8,R0
   \   000000BE   0xFA58 0xF086      UXTAB    R0,R8,R6
   \   000000C2   0x4470             ADD      R0,LR,R0
   \   000000C4   0x.... 0x....      LDR.W    LR,??DataTable7_3
   \   000000C8   0xB2FF             UXTB     R7,R7            ;; ZeroExt  R7,R7,#+24,#+24
   \   000000CA   0xF05F 0x0806      MOVS     R8,#+6
   \   000000CE   0xFB08 0xF807      MUL      R8,R8,R7
   \   000000D2   0x44C6             ADD      LR,LR,R8
   \   000000D4   0xFA5F 0xFC8C      UXTB     R12,R12          ;; ZeroExt  R12,R12,#+24,#+24
   \   000000D8   0xF81E 0xE00C      LDRB     LR,[LR, R12]
   \   000000DC   0xF880 0xE002      STRB     LR,[R0, #+2]
   \   000000E0   0x1C76             ADDS     R6,R6,#+1
   \   000000E2   0xF11C 0x0C01      ADDS     R12,R12,#+1
   \   000000E6   0xE7D9             B.N      ??load_text_6
    219              }
    220          }
   \                     ??load_text_3: (+1)
   \   000000E8   0xE8BD 0x83F1      POP      {R0,R4-R9,PC}    ;; return
    221          

   \                                 In section .text, align 2, keep-with-next
    222          void OLED__show_img(oled_region_t * region, image_region_t * imgroi, boolean show_margin, boolean flip){
   \                     OLED__show_img: (+1)
   \   00000000   0xB570             PUSH     {R4-R6,LR}
   \   00000002   0x0004             MOVS     R4,R0
   \   00000004   0x0015             MOVS     R5,R2
   \   00000006   0x001E             MOVS     R6,R3
    223              load_image(region, imgroi);
   \   00000008   0x0020             MOVS     R0,R4
   \   0000000A   0x.... 0x....      BL       load_image
    224              flush_buffer(region, show_margin, flip);
   \   0000000E   0x0032             MOVS     R2,R6
   \   00000010   0xB2D2             UXTB     R2,R2            ;; ZeroExt  R2,R2,#+24,#+24
   \   00000012   0x0029             MOVS     R1,R5
   \   00000014   0xB2C9             UXTB     R1,R1            ;; ZeroExt  R1,R1,#+24,#+24
   \   00000016   0x0020             MOVS     R0,R4
   \   00000018   0x.... 0x....      BL       flush_buffer
    225          }
   \   0000001C   0xBD70             POP      {R4-R6,PC}       ;; return
    226          

   \                                 In section .text, align 2, keep-with-next
    227          void OLED__show_text(oled_region_t * region, char * text, boolean show_margin, boolean flip){
   \                     OLED__show_text: (+1)
   \   00000000   0xB570             PUSH     {R4-R6,LR}
   \   00000002   0x0004             MOVS     R4,R0
   \   00000004   0x0015             MOVS     R5,R2
   \   00000006   0x001E             MOVS     R6,R3
    228              load_text(region, text);
   \   00000008   0x0020             MOVS     R0,R4
   \   0000000A   0x.... 0x....      BL       load_text
    229              flush_buffer(region, show_margin, flip);
   \   0000000E   0x0032             MOVS     R2,R6
   \   00000010   0xB2D2             UXTB     R2,R2            ;; ZeroExt  R2,R2,#+24,#+24
   \   00000012   0x0029             MOVS     R1,R5
   \   00000014   0xB2C9             UXTB     R1,R1            ;; ZeroExt  R1,R1,#+24,#+24
   \   00000016   0x0020             MOVS     R0,R4
   \   00000018   0x.... 0x....      BL       flush_buffer
    230          }
   \   0000001C   0xBD70             POP      {R4-R6,PC}       ;; return
    231          

   \                                 In section .text, align 2, keep-with-next
    232          void OLED__init(oled_cfg_t * oc_usr, oled_t * oled_usr){
   \                     OLED__init: (+1)
   \   00000000   0xB530             PUSH     {R4,R5,LR}
   \   00000002   0xB087             SUB      SP,SP,#+28
    233              GPIO_InitTypeDef init_gpio;
    234              gpio_cfg_t * iostart, * ioend;
    235              const uint8 oclen = sizeof(oled_cfg_t)/sizeof(gpio_cfg_t);
   \   00000004   0x2205             MOVS     R2,#+5
    236              
    237              oc = oc_usr;
   \   00000006   0x....             LDR.N    R3,??DataTable7_2
   \   00000008   0x6018             STR      R0,[R3, #+0]
    238              oled = oled_usr;
   \   0000000A   0x....             LDR.N    R0,??DataTable7
   \   0000000C   0x6001             STR      R1,[R0, #+0]
    239          
    240              // 濮?OLED 寮
    241              init_gpio.GPIO_Dir = DIR_OUTPUT;
   \   0000000E   0x2001             MOVS     R0,#+1
   \   00000010   0xF88D 0x0010      STRB     R0,[SP, #+16]
    242              init_gpio.GPIO_Output = OUTPUT_H;
   \   00000014   0x2001             MOVS     R0,#+1
   \   00000016   0xF88D 0x0011      STRB     R0,[SP, #+17]
    243              init_gpio.GPIO_PinControl = IRQC_DIS;
   \   0000001A   0x2000             MOVS     R0,#+0
   \   0000001C   0x9003             STR      R0,[SP, #+12]
    244              for(iostart = (gpio_cfg_t*)oc, ioend = iostart + oclen; iostart!=ioend; iostart++){
   \   0000001E   0x....             LDR.N    R0,??DataTable7_2
   \   00000020   0x6804             LDR      R4,[R0, #+0]
   \   00000022   0xB2D2             UXTB     R2,R2            ;; ZeroExt  R2,R2,#+24,#+24
   \   00000024   0x200C             MOVS     R0,#+12
   \   00000026   0x4342             MULS     R2,R0,R2
   \   00000028   0xEB04 0x0502      ADD      R5,R4,R2
   \   0000002C   0xE00D             B.N      ??OLED__init_0
    245                  init_gpio.GPIO_PTx = iostart->PTx;
   \                     ??OLED__init_1: (+1)
   \   0000002E   0x6820             LDR      R0,[R4, #+0]
   \   00000030   0x9001             STR      R0,[SP, #+4]
    246                  init_gpio.GPIO_Pins = iostart->GPIO_Pinn;
   \   00000032   0x6860             LDR      R0,[R4, #+4]
   \   00000034   0x9002             STR      R0,[SP, #+8]
    247                  LPLD_GPIO_Init(init_gpio);
   \   00000036   0xA901             ADD      R1,SP,#+4
   \   00000038   0xB084             SUB      SP,SP,#+16
   \   0000003A   0x4668             MOV      R0,SP
   \   0000003C   0x2214             MOVS     R2,#+20
   \   0000003E   0x.... 0x....      BL       __aeabi_memcpy4
   \   00000042   0xBC0F             POP      {R0-R3}
   \   00000044   0x.... 0x....      BL       LPLD_GPIO_Init
    248              }
   \   00000048   0x340C             ADDS     R4,R4,#+12
   \                     ??OLED__init_0: (+1)
   \   0000004A   0x42AC             CMP      R4,R5
   \   0000004C   0xD1EF             BNE.N    ??OLED__init_1
    249          
    250              // 缃 OLED 
    251              OLED_SCL=1;
   \   0000004E   0x....             LDR.N    R0,??DataTable7_2
   \   00000050   0x6800             LDR      R0,[R0, #+0]
   \   00000052   0x6800             LDR      R0,[R0, #+0]
   \   00000054   0x....             LDR.N    R1,??DataTable7_2
   \   00000056   0x6809             LDR      R1,[R1, #+0]
   \   00000058   0x6889             LDR      R1,[R1, #+8]
   \   0000005A   0x0089             LSLS     R1,R1,#+2
   \   0000005C   0xEB11 0x1140      ADDS     R1,R1,R0, LSL #+5
   \   00000060   0xF111 0x4184      ADDS     R1,R1,#+1107296256
   \   00000064   0x2001             MOVS     R0,#+1
   \   00000066   0x6008             STR      R0,[R1, #+0]
    252              OLED_CS=0;
   \   00000068   0x....             LDR.N    R0,??DataTable7_2
   \   0000006A   0x6800             LDR      R0,[R0, #+0]
   \   0000006C   0x6B00             LDR      R0,[R0, #+48]
   \   0000006E   0x....             LDR.N    R1,??DataTable7_2
   \   00000070   0x6809             LDR      R1,[R1, #+0]
   \   00000072   0x6B89             LDR      R1,[R1, #+56]
   \   00000074   0x0089             LSLS     R1,R1,#+2
   \   00000076   0xEB11 0x1140      ADDS     R1,R1,R0, LSL #+5
   \   0000007A   0xF111 0x4184      ADDS     R1,R1,#+1107296256
   \   0000007E   0x2000             MOVS     R0,#+0
   \   00000080   0x6008             STR      R0,[R1, #+0]
    253              OLED_RST=0;
   \   00000082   0x....             LDR.N    R0,??DataTable7_2
   \   00000084   0x6800             LDR      R0,[R0, #+0]
   \   00000086   0x6980             LDR      R0,[R0, #+24]
   \   00000088   0x....             LDR.N    R1,??DataTable7_2
   \   0000008A   0x6809             LDR      R1,[R1, #+0]
   \   0000008C   0x6A09             LDR      R1,[R1, #+32]
   \   0000008E   0x0089             LSLS     R1,R1,#+2
   \   00000090   0xEB11 0x1140      ADDS     R1,R1,R0, LSL #+5
   \   00000094   0xF111 0x4184      ADDS     R1,R1,#+1107296256
   \   00000098   0x2000             MOVS     R0,#+0
   \   0000009A   0x6008             STR      R0,[R1, #+0]
    254              dummy_delay_ms(50);
   \   0000009C   0x2032             MOVS     R0,#+50
   \   0000009E   0x.... 0x....      BL       dummy_delay_ms
    255              OLED_RST=1;
   \   000000A2   0x....             LDR.N    R0,??DataTable7_2
   \   000000A4   0x6800             LDR      R0,[R0, #+0]
   \   000000A6   0x6980             LDR      R0,[R0, #+24]
   \   000000A8   0x....             LDR.N    R1,??DataTable7_2
   \   000000AA   0x6809             LDR      R1,[R1, #+0]
   \   000000AC   0x6A09             LDR      R1,[R1, #+32]
   \   000000AE   0x0089             LSLS     R1,R1,#+2
   \   000000B0   0xEB11 0x1140      ADDS     R1,R1,R0, LSL #+5
   \   000000B4   0xF111 0x4184      ADDS     R1,R1,#+1107296256
   \   000000B8   0x2001             MOVS     R0,#+1
   \   000000BA   0x6008             STR      R0,[R1, #+0]
    256          
    257              write_cmd(0xae);//--turn off oled panel
   \   000000BC   0x20AE             MOVS     R0,#+174
   \   000000BE   0x.... 0x....      BL       write_cmd
    258              write_cmd(0x00);//--set low column address
   \   000000C2   0x2000             MOVS     R0,#+0
   \   000000C4   0x.... 0x....      BL       write_cmd
    259              write_cmd(0x10);//--set high column address
   \   000000C8   0x2010             MOVS     R0,#+16
   \   000000CA   0x.... 0x....      BL       write_cmd
    260              write_cmd(0x40);//--set start line address  Set Mapping RAM Display Start Line (0x00~0x3F)
   \   000000CE   0x2040             MOVS     R0,#+64
   \   000000D0   0x.... 0x....      BL       write_cmd
    261              write_cmd(0x81);//--set contrast control register
   \   000000D4   0x2081             MOVS     R0,#+129
   \   000000D6   0x.... 0x....      BL       write_cmd
    262              write_cmd(0xcf);//--Set SEG Output Current Brightness
   \   000000DA   0x20CF             MOVS     R0,#+207
   \   000000DC   0x.... 0x....      BL       write_cmd
    263              write_cmd(0xa1);//--Set SEG/Column Mapping     0xa0宸冲缃 0xa1姝ｅ父
   \   000000E0   0x20A1             MOVS     R0,#+161
   \   000000E2   0x.... 0x....      BL       write_cmd
    264              write_cmd(0xc8);//--Set COM/Row Scan Direction   0xc0涓涓缃 0xc8姝ｅ父
   \   000000E6   0x20C8             MOVS     R0,#+200
   \   000000E8   0x.... 0x....      BL       write_cmd
    265              write_cmd(0xa6);//--set normal display
   \   000000EC   0x20A6             MOVS     R0,#+166
   \   000000EE   0x.... 0x....      BL       write_cmd
    266              write_cmd(0xa8);//--set multiplex ratio(1 to 64)
   \   000000F2   0x20A8             MOVS     R0,#+168
   \   000000F4   0x.... 0x....      BL       write_cmd
    267              write_cmd(0x3f);//--1/64 duty
   \   000000F8   0x203F             MOVS     R0,#+63
   \   000000FA   0x.... 0x....      BL       write_cmd
    268              write_cmd(0xd3);//--set display offset  Shift Mapping RAM Counter (0x00~0x3F)
   \   000000FE   0x20D3             MOVS     R0,#+211
   \   00000100   0x.... 0x....      BL       write_cmd
    269              write_cmd(0x00);//--not offset
   \   00000104   0x2000             MOVS     R0,#+0
   \   00000106   0x.... 0x....      BL       write_cmd
    270              write_cmd(0xd5);//--set display clock divide ratio/oscillator frequency
   \   0000010A   0x20D5             MOVS     R0,#+213
   \   0000010C   0x.... 0x....      BL       write_cmd
    271              write_cmd(0x80);//--set divide ratio, Set Clock as 100 Frames/Sec
   \   00000110   0x2080             MOVS     R0,#+128
   \   00000112   0x.... 0x....      BL       write_cmd
    272              write_cmd(0xd9);//--set pre-charge period
   \   00000116   0x20D9             MOVS     R0,#+217
   \   00000118   0x.... 0x....      BL       write_cmd
    273              write_cmd(0xf1);//Set Pre-Charge as 15 Clocks & Discharge as 1 Clock
   \   0000011C   0x20F1             MOVS     R0,#+241
   \   0000011E   0x.... 0x....      BL       write_cmd
    274              write_cmd(0xda);//--set com pins hardware configuration
   \   00000122   0x20DA             MOVS     R0,#+218
   \   00000124   0x.... 0x....      BL       write_cmd
    275              write_cmd(0x12);
   \   00000128   0x2012             MOVS     R0,#+18
   \   0000012A   0x.... 0x....      BL       write_cmd
    276              write_cmd(0xdb);//--set vcomh
   \   0000012E   0x20DB             MOVS     R0,#+219
   \   00000130   0x.... 0x....      BL       write_cmd
    277              write_cmd(0x40);//Set VCOM Deselect Level
   \   00000134   0x2040             MOVS     R0,#+64
   \   00000136   0x.... 0x....      BL       write_cmd
    278              write_cmd(0x20);//-Set Page Addressing Mode (0x00/0x01/0x02)
   \   0000013A   0x2020             MOVS     R0,#+32
   \   0000013C   0x.... 0x....      BL       write_cmd
    279              write_cmd(0x02);//
   \   00000140   0x2002             MOVS     R0,#+2
   \   00000142   0x.... 0x....      BL       write_cmd
    280              write_cmd(0x8d);//--set Charge Pump enable/disable
   \   00000146   0x208D             MOVS     R0,#+141
   \   00000148   0x.... 0x....      BL       write_cmd
    281              write_cmd(0x14);//--set(0x10) disable
   \   0000014C   0x2014             MOVS     R0,#+20
   \   0000014E   0x.... 0x....      BL       write_cmd
    282              write_cmd(0xa4);// Disable Entire Display On (0xa4/0xa5)
   \   00000152   0x20A4             MOVS     R0,#+164
   \   00000154   0x.... 0x....      BL       write_cmd
    283              write_cmd(0xa6);// Disable Inverse Display On (0xa6/a7)
   \   00000158   0x20A6             MOVS     R0,#+166
   \   0000015A   0x.... 0x....      BL       write_cmd
    284              write_cmd(0xaf);//--turn on oled panel
   \   0000015E   0x20AF             MOVS     R0,#+175
   \   00000160   0x.... 0x....      BL       write_cmd
    285          
    286              // 濮娓灞
    287              fill_with(&OLED_FULLSCREEN, 0x00);
   \   00000164   0x2100             MOVS     R1,#+0
   \   00000166   0x....             LDR.N    R0,??DataTable7_4
   \   00000168   0x.... 0x....      BL       fill_with
    288          }
   \   0000016C   0xB007             ADD      SP,SP,#+28
   \   0000016E   0xBD30             POP      {R4,R5,PC}       ;; return

   \                                 In section .text, align 4, keep-with-next
   \                     ??DataTable7:
   \   00000000   0x........         DC32     oled

   \                                 In section .text, align 4, keep-with-next
   \                     ??DataTable7_1:
   \   00000000   0x........         DC32     ?_0

   \                                 In section .text, align 4, keep-with-next
   \                     ??DataTable7_2:
   \   00000000   0x........         DC32     oc

   \                                 In section .text, align 4, keep-with-next
   \                     ??DataTable7_3:
   \   00000000   0x........         DC32     F6x8

   \                                 In section .text, align 4, keep-with-next
   \                     ??DataTable7_4:
   \   00000000   0x........         DC32     OLED_FULLSCREEN

   \                                 In section .rodata, align 4
   \                     ?_0:
   \   00000000   0x46 0x3A          DC8 "F:\\K60_CAR_2018\\lib\\peripheral\\oled.c"
   \              0x5C 0x4B    
   \              0x36 0x30    
   \              0x5F 0x43    
   \              0x41 0x52    
   \              0x5F 0x32    
   \              0x30 0x31    
   \              0x38 0x5C    
   \              0x6C 0x69    
   \              0x62 0x5C    
   \              0x70 0x65    
   \              0x72 0x69    
   \              0x70 0x68    
   \              0x65 0x72    
   \              0x61 0x6C    
   \              0x5C 0x6F    
   \              0x6C 0x65    
   \              0x64 0x2E    
   \              0x63 0x00    
   \   00000026   0x00 0x00          DC8 0, 0

   Maximum stack usage in bytes:

   .cstack Function
   ------- --------
      56   OLED__init
        40   -> LPLD_GPIO_Init
        56   -> __aeabi_memcpy4
        40   -> dummy_delay_ms
        40   -> fill_with
        40   -> write_cmd
      16   OLED__show_img
        16   -> flush_buffer
        16   -> load_image
      16   OLED__show_text
        16   -> flush_buffer
        16   -> load_text
      24   fill_with
        24   -> move_cursor_to
        24   -> write_data
      32   flush_buffer
        32   -> move_cursor_to
        32   -> write_data
      24   load_image
      32   load_text
        32   -> strlen
      16   move_cursor_to
        16   -> assert_failed
        16   -> write_cmd
       0   write_cmd
      16   write_data
        16   -> assert_failed


   Section sizes:

   Bytes  Function/Label
   -----  --------------
       4  ??DataTable7
       4  ??DataTable7_1
       4  ??DataTable7_2
       4  ??DataTable7_3
       4  ??DataTable7_4
      40  ?_0
     552  F6x8
       4  OLED_FULLSCREEN
     368  OLED__init
      30  OLED__show_img
      30  OLED__show_text
     108  fill_with
     404  flush_buffer
     228  load_image
     236  load_text
      80  move_cursor_to
       4  oc
       4  oled
     240  write_cmd
     288  write_data

 
     8 bytes in section .bss
   596 bytes in section .rodata
 2 032 bytes in section .text
 
 2 032 bytes of CODE  memory
   596 bytes of CONST memory
     8 bytes of DATA  memory

Errors: none
Warnings: 3
