###############################################################################
#
# IAR ANSI C/C++ Compiler V8.10.1.12857/W32 for ARM       26/Jan/2018  13:39:07
# Copyright 1999-2017 IAR Systems AB.
#
#    Cpu mode     =  thumb
#    Endian       =  little
#    Source file  =  F:\K60_CAR_2018\lib\peripheral\ov7620.c
#    Command line =  
#        -f C:\Users\19071_~1\AppData\Local\Temp\EWB7CC.tmp
#        (F:\K60_CAR_2018\lib\peripheral\ov7620.c -D LPLD_K60 -D USE_K60DZ10
#        -lCN F:\K60_CAR_2018\project\programme\iar\RAM\List -lB
#        F:\K60_CAR_2018\project\programme\iar\RAM\List -o
#        F:\K60_CAR_2018\project\programme\iar\RAM\Obj --no_cse --no_unroll
#        --no_inline --no_code_motion --no_tbaa --no_clustering --no_scheduling
#        --debug --endian=little --cpu=Cortex-M4 -e --fpu=None --dlib_config
#        "C:\Program Files (x86)\IAR Systems\Embedded Workbench
#        8.0\arm\INC\c\DLib_Config_Normal.h" -I
#        F:\K60_CAR_2018\project\programme\iar\..\app\ -I
#        F:\K60_CAR_2018\project\programme\iar\..\..\..\lib\CPU\ -I
#        F:\K60_CAR_2018\project\programme\iar\..\..\..\lib\common\ -I
#        F:\K60_CAR_2018\project\programme\iar\..\..\..\lib\LPLD\ -I
#        F:\K60_CAR_2018\project\programme\iar\..\..\..\lib\LPLD\HW\ -I
#        F:\K60_CAR_2018\project\programme\iar\..\..\..\lib\LPLD\DEV\ -I
#        F:\K60_CAR_2018\project\programme\iar\..\..\..\lib\LPLD\FUNC\ -I
#        F:\K60_CAR_2018\project\programme\iar\..\..\..\lib\uCOS-II\Ports\ -I
#        F:\K60_CAR_2018\project\programme\iar\..\..\..\lib\uCOS-II\Source\ -I
#        F:\K60_CAR_2018\project\programme\iar\..\..\..\lib\FatFs\ -I
#        F:\K60_CAR_2018\project\programme\iar\..\..\..\lib\FatFs\option\ -I
#        F:\K60_CAR_2018\project\programme\iar\..\..\..\lib\USB\common\ -I
#        F:\K60_CAR_2018\project\programme\iar\..\..\..\lib\USB\driver\ -I
#        F:\K60_CAR_2018\project\programme\iar\..\..\..\lib\USB\descriptor\ -I
#        F:\K60_CAR_2018\project\programme\iar\..\..\..\lib\USB\class\ -I
#        F:\K60_CAR_2018\project\programme\iar\..\..\..\lib\peripheral\ -Ol -I
#        "C:\Program Files (x86)\IAR Systems\Embedded Workbench
#        8.0\arm\CMSIS\Include\" -D ARM_MATH_CM4)
#    Locale       =  C
#    List file    =  F:\K60_CAR_2018\project\programme\iar\RAM\List\ov7620.lst
#    Object file  =  F:\K60_CAR_2018\project\programme\iar\RAM\Obj\ov7620.o
#
###############################################################################

F:\K60_CAR_2018\lib\peripheral\ov7620.c
      1          #include "ov7620.h"

   \                                 In section .text, align 2, keep-with-next
   \   static __interwork __softfp void __NVIC_EnableIRQ(IRQn_Type)
   \                     __NVIC_EnableIRQ: (+1)
   \   00000000   0xB240             SXTB     R0,R0            ;; SignExt  R0,R0,#+24,#+24
   \   00000002   0x2800             CMP      R0,#+0
   \   00000004   0xD408             BMI.N    ??__NVIC_EnableIRQ_0
   \   00000006   0x2201             MOVS     R2,#+1
   \   00000008   0xF010 0x011F      ANDS     R1,R0,#0x1F
   \   0000000C   0x408A             LSLS     R2,R2,R1
   \   0000000E   0x....             LDR.N    R1,??DataTable6  ;; 0xe000e100
   \   00000010   0xB240             SXTB     R0,R0            ;; SignExt  R0,R0,#+24,#+24
   \   00000012   0x0940             LSRS     R0,R0,#+5
   \   00000014   0xF841 0x2020      STR      R2,[R1, R0, LSL #+2]
   \                     ??__NVIC_EnableIRQ_0: (+1)
   \   00000018   0x4770             BX       LR               ;; return

   \                                 In section .text, align 2, keep-with-next
   \   static __interwork __softfp void __NVIC_DisableIRQ(IRQn_Type)
   \                     __NVIC_DisableIRQ: (+1)
   \   00000000   0xB240             SXTB     R0,R0            ;; SignExt  R0,R0,#+24,#+24
   \   00000002   0x2800             CMP      R0,#+0
   \   00000004   0xD408             BMI.N    ??__NVIC_DisableIRQ_0
   \   00000006   0x2201             MOVS     R2,#+1
   \   00000008   0xF010 0x011F      ANDS     R1,R0,#0x1F
   \   0000000C   0x408A             LSLS     R2,R2,R1
   \   0000000E   0x....             LDR.N    R1,??DataTable6_1  ;; 0xe000e180
   \   00000010   0xB240             SXTB     R0,R0            ;; SignExt  R0,R0,#+24,#+24
   \   00000012   0x0940             LSRS     R0,R0,#+5
   \   00000014   0xF841 0x2020      STR      R2,[R1, R0, LSL #+2]
   \                     ??__NVIC_DisableIRQ_0: (+1)
   \   00000018   0x4770             BX       LR               ;; return

   \                                 In section .text, align 2, keep-with-next
   \   static __interwork __softfp void __NVIC_SetPriority(IRQn_Type, uint32_t)
   \                     __NVIC_SetPriority: (+1)
   \   00000000   0xB240             SXTB     R0,R0            ;; SignExt  R0,R0,#+24,#+24
   \   00000002   0x2800             CMP      R0,#+0
   \   00000004   0xD404             BMI.N    ??__NVIC_SetPriority_0
   \   00000006   0x0109             LSLS     R1,R1,#+4
   \   00000008   0x....             LDR.N    R2,??DataTable6_2  ;; 0xe000e400
   \   0000000A   0xB240             SXTB     R0,R0            ;; SignExt  R0,R0,#+24,#+24
   \   0000000C   0x5411             STRB     R1,[R2, R0]
   \   0000000E   0xE007             B.N      ??__NVIC_SetPriority_1
   \                     ??__NVIC_SetPriority_0: (+1)
   \   00000010   0x0109             LSLS     R1,R1,#+4
   \   00000012   0x....             LDR.N    R2,??DataTable6_3  ;; 0xe000ed18
   \   00000014   0xB240             SXTB     R0,R0            ;; SignExt  R0,R0,#+24,#+24
   \   00000016   0xF010 0x000F      ANDS     R0,R0,#0xF
   \   0000001A   0x4410             ADD      R0,R2,R0
   \   0000001C   0xF800 0x1C04      STRB     R1,[R0, #-4]
   \                     ??__NVIC_SetPriority_1: (+1)
   \   00000020   0x4770             BX       LR               ;; return

   \                                 In section .text, align 2, keep-with-next
   \   static __interwork __softfp uint32_t NVIC_EncodePriority(uint32_t, uint32_t, uint32_t)
   \                     NVIC_EncodePriority: (+1)
   \   00000000   0xB410             PUSH     {R4}
   \   00000002   0xF010 0x0007      ANDS     R0,R0,#0x7
   \   00000006   0xF1D0 0x0307      RSBS     R3,R0,#+7
   \   0000000A   0x2B05             CMP      R3,#+5
   \   0000000C   0xD301             BCC.N    ??NVIC_EncodePriority_0
   \   0000000E   0x2304             MOVS     R3,#+4
   \   00000010   0xE001             B.N      ??NVIC_EncodePriority_1
   \                     ??NVIC_EncodePriority_0: (+1)
   \   00000012   0xF1D0 0x0307      RSBS     R3,R0,#+7
   \                     ??NVIC_EncodePriority_1: (+1)
   \   00000016   0x1D04             ADDS     R4,R0,#+4
   \   00000018   0x2C07             CMP      R4,#+7
   \   0000001A   0xD201             BCS.N    ??NVIC_EncodePriority_2
   \   0000001C   0x2000             MOVS     R0,#+0
   \   0000001E   0xE000             B.N      ??NVIC_EncodePriority_3
   \                     ??NVIC_EncodePriority_2: (+1)
   \   00000020   0x1EC0             SUBS     R0,R0,#+3
   \                     ??NVIC_EncodePriority_3: (+1)
   \   00000022   0x2401             MOVS     R4,#+1
   \   00000024   0xFA14 0xF303      LSLS     R3,R4,R3
   \   00000028   0x1E5B             SUBS     R3,R3,#+1
   \   0000002A   0x4019             ANDS     R1,R3,R1
   \   0000002C   0x4081             LSLS     R1,R1,R0
   \   0000002E   0x2301             MOVS     R3,#+1
   \   00000030   0xFA13 0xF000      LSLS     R0,R3,R0
   \   00000034   0x1E40             SUBS     R0,R0,#+1
   \   00000036   0x4010             ANDS     R0,R0,R2
   \   00000038   0x4308             ORRS     R0,R0,R1
   \   0000003A   0xBC10             POP      {R4}
   \   0000003C   0x4770             BX       LR               ;; return
      2          #include "DEV_SCCB.h"
      3          
      4          #define H_MAX 240//hangshu
      5          #define L_MAX 320//lieshu
      6          

   \                                 In section .bss, align 1
      7          static boolean acq_flag;
   \                     acq_flag:
   \   00000000                      DS8 1

   \                                 In section .bss, align 1
      8          static boolean allow_acq_once;
   \                     allow_acq_once:
   \   00000000                      DS8 1

   \                                 In section .bss, align 4
      9          static int camera_error;//0:OK 1:ROW_MISS 2:COL_MISS
   \                     camera_error:
   \   00000000                      DS8 4
     10          

   \                                 In section .bss, align 4
     11          static uint32 vsync_cnt, href_cnt, rowacq_cnt;
   \                     vsync_cnt:
   \   00000000                      DS8 4

   \                                 In section .bss, align 4
   \                     href_cnt:
   \   00000000                      DS8 4

   \                                 In section .bss, align 4
   \                     rowacq_cnt:
   \   00000000                      DS8 4

   \                                 In section .bss, align 4
     12          uint8 Pix_Data[H_MAX][L_MAX];
   \                     Pix_Data:
   \   00000000                      DS8 76800
     13          
     14          static GPIO_InitTypeDef gpio_init_vh;
     15          static DMA_InitTypeDef  dma_init;
     16          

   \                                 In section .text, align 2, keep-with-next
     17          static void vsync_href_isr(){
     18            //vsync_isr
     19              if(LPLD_GPIO_IsPinxExt(PORTD, GPIO_Pin14))
   \                     vsync_href_isr: (+1)
   \   00000000   0x....             LDR.N    R0,??DataTable6_4  ;; 0x4004c0a0
   \   00000002   0x6800             LDR      R0,[R0, #+0]
   \   00000004   0x0440             LSLS     R0,R0,#+17
   \   00000006   0xD52D             BPL.N    ??vsync_href_isr_0
     20            {
     21             // LPLD_GPIO_ClearIntFlag(PORTD);
     22              if(allow_acq_once){
   \   00000008   0x....             LDR.N    R0,??DataTable6_5
   \   0000000A   0x7800             LDRB     R0,[R0, #+0]
   \   0000000C   0x2800             CMP      R0,#+0
   \   0000000E   0xD017             BEQ.N    ??vsync_href_isr_1
     23              LPLD_DMA_LoadDstAddr(DMA_CH0, Pix_Data);//初始化DMA地址
   \   00000010   0x....             LDR.N    R0,??DataTable6_6
   \   00000012   0x....             LDR.N    R1,??DataTable6_7  ;; 0x40009010
   \   00000014   0x6008             STR      R0,[R1, #+0]
     24              //LPLD_DMA_DisableReq(DMA_CH0);
     25              //LPLD_DMA_EnableIrq(dma_init);
     26              
     27              //dummy_delay_ms(1);
     28              
     29              camera_error=0;
   \   00000016   0x2000             MOVS     R0,#+0
   \   00000018   0x....             LDR.N    R1,??DataTable6_8
   \   0000001A   0x6008             STR      R0,[R1, #+0]
     30              allow_acq_once=FALSE;
   \   0000001C   0x2000             MOVS     R0,#+0
   \   0000001E   0x....             LDR.N    R1,??DataTable6_5
   \   00000020   0x7008             STRB     R0,[R1, #+0]
     31              vsync_cnt++;//当前场数
   \   00000022   0x....             LDR.N    R0,??DataTable6_9
   \   00000024   0x6800             LDR      R0,[R0, #+0]
   \   00000026   0x1C40             ADDS     R0,R0,#+1
   \   00000028   0x....             LDR.N    R1,??DataTable6_9
   \   0000002A   0x6008             STR      R0,[R1, #+0]
     32              href_cnt=0;//行数
   \   0000002C   0x2000             MOVS     R0,#+0
   \   0000002E   0x....             LDR.N    R1,??DataTable6_10
   \   00000030   0x6008             STR      R0,[R1, #+0]
     33              rowacq_cnt=0;//采集的行数
   \   00000032   0x2000             MOVS     R0,#+0
   \   00000034   0x....             LDR.N    R1,??DataTable6_11
   \   00000036   0x6008             STR      R0,[R1, #+0]
     34              acq_flag=TRUE;//flag=true 相当于使能行中断
   \   00000038   0x2001             MOVS     R0,#+1
   \   0000003A   0x....             LDR.N    R1,??DataTable6_12
   \   0000003C   0x7008             STRB     R0,[R1, #+0]
   \   0000003E   0xE010             B.N      ??vsync_href_isr_2
     35              }else if(acq_flag){
   \                     ??vsync_href_isr_1: (+1)
   \   00000040   0x....             LDR.N    R0,??DataTable6_12
   \   00000042   0x7800             LDRB     R0,[R0, #+0]
   \   00000044   0x2800             CMP      R0,#+0
   \   00000046   0xD00C             BEQ.N    ??vsync_href_isr_2
     36                    acq_flag=FALSE;
   \   00000048   0x2000             MOVS     R0,#+0
   \   0000004A   0x....             LDR.N    R1,??DataTable6_12
   \   0000004C   0x7008             STRB     R0,[R1, #+0]
     37                    camera_error=1;
   \   0000004E   0x2001             MOVS     R0,#+1
   \   00000050   0x....             LDR.N    R1,??DataTable6_8
   \   00000052   0x6008             STR      R0,[R1, #+0]
     38                    allow_acq_once=TRUE;
   \   00000054   0x2001             MOVS     R0,#+1
   \   00000056   0x....             LDR.N    R1,??DataTable6_5
   \   00000058   0x7008             STRB     R0,[R1, #+0]
     39                    LPLD_GPIO_ClearIntFlag(PORTD);
   \   0000005A   0xF05F 0x30FF      MOVS     R0,#-1
   \   0000005E   0x....             LDR.N    R1,??DataTable6_4  ;; 0x4004c0a0
   \   00000060   0x6008             STR      R0,[R1, #+0]
     40              }
     41              
     42              return;
   \                     ??vsync_href_isr_2: (+1)
   \   00000062   0xE013             B.N      ??vsync_href_isr_3
     43            }
     44            
     45            //href_isr
     46              if(LPLD_GPIO_IsPinxExt(PORTD, GPIO_Pin13))
   \                     ??vsync_href_isr_0: (+1)
   \   00000064   0x....             LDR.N    R0,??DataTable6_4  ;; 0x4004c0a0
   \   00000066   0x6800             LDR      R0,[R0, #+0]
   \   00000068   0x0480             LSLS     R0,R0,#+18
   \   0000006A   0xD50F             BPL.N    ??vsync_href_isr_4
     47            {
     48             // LPLD_GPIO_ClearIntFlag(PORTD);
     49              
     50              if(acq_flag){
   \   0000006C   0x....             LDR.N    R0,??DataTable6_12
   \   0000006E   0x7800             LDRB     R0,[R0, #+0]
   \   00000070   0x2800             CMP      R0,#+0
   \   00000072   0xD00A             BEQ.N    ??vsync_href_isr_5
     51              LPLD_DMA_EnableReq(DMA_CH0);
   \   00000074   0x....             LDR.N    R0,??DataTable6_13  ;; 0x4000800c
   \   00000076   0x6800             LDR      R0,[R0, #+0]
   \   00000078   0xF050 0x0001      ORRS     R0,R0,#0x1
   \   0000007C   0x....             LDR.N    R1,??DataTable6_13  ;; 0x4000800c
   \   0000007E   0x6008             STR      R0,[R1, #+0]
     52             // LPLD_DMA_EnableIrq(dma_init);
     53              href_cnt++;//行数自加    
   \   00000080   0x....             LDR.N    R0,??DataTable6_10
   \   00000082   0x6800             LDR      R0,[R0, #+0]
   \   00000084   0x1C40             ADDS     R0,R0,#+1
   \   00000086   0x....             LDR.N    R1,??DataTable6_10
   \   00000088   0x6008             STR      R0,[R1, #+0]
     54              }
     55              
     56              return;
   \                     ??vsync_href_isr_5: (+1)
   \   0000008A   0xE7FF             B.N      ??vsync_href_isr_3
     57            }
     58          }
   \                     ??vsync_href_isr_4: (+1)
   \                     ??vsync_href_isr_3: (+1)
   \   0000008C   0x4770             BX       LR               ;; return
     59          
     60          

   \                                 In section .text, align 2, keep-with-next
     61          static void row_finish(){     //DMA中断
   \                     row_finish: (+1)
   \   00000000   0xB580             PUSH     {R7,LR}
     62            rowacq_cnt++;//已采集行数自加
   \   00000002   0x....             LDR.N    R0,??DataTable6_11
   \   00000004   0x6800             LDR      R0,[R0, #+0]
   \   00000006   0x1C40             ADDS     R0,R0,#+1
   \   00000008   0x....             LDR.N    R1,??DataTable6_11
   \   0000000A   0x6008             STR      R0,[R1, #+0]
     63            
     64            //LPLD_DMA_DisableReq(DMA_CH0);
     65            //LPLD_DMA_DisableIrq(dma_init);
     66            
     67            if(rowacq_cnt==H_MAX){//行数采集完FLAG=0（关闭行中断）
   \   0000000C   0x....             LDR.N    R0,??DataTable6_11
   \   0000000E   0x6800             LDR      R0,[R0, #+0]
   \   00000010   0x28F0             CMP      R0,#+240
   \   00000012   0xD105             BNE.N    ??row_finish_0
     68               acq_flag = FALSE;
   \   00000014   0x2000             MOVS     R0,#+0
   \   00000016   0x....             LDR.N    R1,??DataTable6_12
   \   00000018   0x7008             STRB     R0,[R1, #+0]
     69               disable_irq(PORTD_IRQn);
   \   0000001A   0x205A             MOVS     R0,#+90
   \   0000001C   0x.... 0x....      BL       __NVIC_DisableIRQ
     70               
     71               /*imag proc*/
     72            }
     73          }
   \                     ??row_finish_0: (+1)
   \   00000020   0xBD01             POP      {R0,PC}          ;; return
     74          

   \                                 In section .text, align 2, keep-with-next
     75          void camera__take_a_photo_please_(){
   \                     camera__take_a_photo_please_: (+1)
   \   00000000   0xB580             PUSH     {R7,LR}
     76              if(acq_flag == TRUE) return;
   \   00000002   0x....             LDR.N    R0,??DataTable6_12
   \   00000004   0x7800             LDRB     R0,[R0, #+0]
   \   00000006   0x2801             CMP      R0,#+1
   \   00000008   0xD00E             BEQ.N    ??camera__take_a_photo_please__0
     77              allow_acq_once==TRUE;
   \                     ??camera__take_a_photo_please__1: (+1)
   \   0000000A   0x....             LDR.N    R0,??DataTable6_5
   \   0000000C   0x7800             LDRB     R0,[R0, #+0]
   \   0000000E   0x2801             CMP      R0,#+1
   \   00000010   0xD101             BNE.N    ??camera__take_a_photo_please__2
   \   00000012   0x2001             MOVS     R0,#+1
   \   00000014   0xE000             B.N      ??camera__take_a_photo_please__3
   \                     ??camera__take_a_photo_please__2: (+1)
   \   00000016   0x2000             MOVS     R0,#+0
   \                     ??camera__take_a_photo_please__3: (+1)
   \   00000018   0xB2C0             UXTB     R0,R0            ;; ZeroExt  R0,R0,#+24,#+24
     78              LPLD_GPIO_ClearIntFlag(PORTD);
   \   0000001A   0xF05F 0x30FF      MOVS     R0,#-1
   \   0000001E   0x....             LDR.N    R1,??DataTable6_4  ;; 0x4004c0a0
   \   00000020   0x6008             STR      R0,[R1, #+0]
     79              enable_irq(PORTD_IRQn);
   \   00000022   0x205A             MOVS     R0,#+90
   \   00000024   0x.... 0x....      BL       __NVIC_EnableIRQ
     80          }
   \                     ??camera__take_a_photo_please__0: (+1)
   \   00000028   0xBD01             POP      {R0,PC}          ;; return
     81          
     82          //#include "DEV_SCCB.h"
     83          
     84          

   \                                 In section .text, align 2, keep-with-next
     85          void ov7620__config(){
   \                     ov7620__config: (+1)
   \   00000000   0xB500             PUSH     {LR}
   \   00000002   0xB097             SUB      SP,SP,#+92
     86            
     87            
     88              GPIO_InitTypeDef gpio_init_vh={0};
   \   00000004   0xA806             ADD      R0,SP,#+24
   \   00000006   0x2114             MOVS     R1,#+20
   \   00000008   0x.... 0x....      BL       __aeabi_memclr4
     89              GPIO_InitTypeDef gpio_init={0};
   \   0000000C   0xA801             ADD      R0,SP,#+4
   \   0000000E   0x2114             MOVS     R1,#+20
   \   00000010   0x.... 0x....      BL       __aeabi_memclr4
     90              DMA_InitTypeDef  dma_init={0};
   \   00000014   0xA80B             ADD      R0,SP,#+44
   \   00000016   0x212C             MOVS     R1,#+44
   \   00000018   0x.... 0x....      BL       __aeabi_memclr4
     91              
     92          //    LPLD_SCCB_Init();
     93          //    LPLD_SCCB_WriteReg(0x14 ,0x24);
     94          //    LPLD_SCCB_WriteReg(0x28,0x40);
     95          //    LPLD_SCCB_WriteReg(0x11,0x01);
     96          //    
     97              
     98              // init vsync_href
     99              gpio_init_vh.GPIO_PTx = PTD;
   \   0000001C   0x....             LDR.N    R0,??DataTable6_14  ;; 0x400ff0c0
   \   0000001E   0x9006             STR      R0,[SP, #+24]
    100              gpio_init_vh.GPIO_Pins = GPIO_Pin14 | GPIO_Pin13;
   \   00000020   0xF44F 0x40C0      MOV      R0,#+24576
   \   00000024   0x9007             STR      R0,[SP, #+28]
    101              gpio_init_vh.GPIO_Dir = DIR_INPUT; 
   \   00000026   0x2000             MOVS     R0,#+0
   \   00000028   0xF88D 0x0024      STRB     R0,[SP, #+36]
    102              gpio_init_vh.GPIO_Isr = vsync_href_isr;
   \   0000002C   0x....             LDR.N    R0,??DataTable6_15
   \   0000002E   0x900A             STR      R0,[SP, #+40]
    103              gpio_init_vh.GPIO_PinControl = INPUT_PULL_UP|IRQC_RI; //上升沿内部上拉
   \   00000030   0x....             LDR.N    R0,??DataTable6_16  ;; 0x90003
   \   00000032   0x9008             STR      R0,[SP, #+32]
    104              LPLD_GPIO_Init(gpio_init_vh);
   \   00000034   0xA906             ADD      R1,SP,#+24
   \   00000036   0xB084             SUB      SP,SP,#+16
   \   00000038   0x4668             MOV      R0,SP
   \   0000003A   0x2214             MOVS     R2,#+20
   \   0000003C   0x.... 0x....      BL       __aeabi_memcpy4
   \   00000040   0xBC0F             POP      {R0-R3}
   \   00000042   0x.... 0x....      BL       LPLD_GPIO_Init
    105              
    106                  
    107              // init pclk
    108              gpio_init.GPIO_PTx = PTD;
   \   00000046   0x....             LDR.N    R0,??DataTable6_14  ;; 0x400ff0c0
   \   00000048   0x9001             STR      R0,[SP, #+4]
    109              gpio_init.GPIO_Pins = GPIO_Pin12;
   \   0000004A   0xF44F 0x5080      MOV      R0,#+4096
   \   0000004E   0x9002             STR      R0,[SP, #+8]
    110              gpio_init.GPIO_Dir = DIR_INPUT; 
   \   00000050   0x2000             MOVS     R0,#+0
   \   00000052   0xF88D 0x0010      STRB     R0,[SP, #+16]
    111              gpio_init.GPIO_Isr = NULL;
   \   00000056   0x2000             MOVS     R0,#+0
   \   00000058   0x9005             STR      R0,[SP, #+20]
    112              gpio_init.GPIO_PinControl = INPUT_PULL_UP|IRQC_DMARI;
   \   0000005A   0x....             LDR.N    R0,??DataTable6_17  ;; 0x10003
   \   0000005C   0x9003             STR      R0,[SP, #+12]
    113              LPLD_GPIO_Init(gpio_init);  
   \   0000005E   0xA901             ADD      R1,SP,#+4
   \   00000060   0xB084             SUB      SP,SP,#+16
   \   00000062   0x4668             MOV      R0,SP
   \   00000064   0x2214             MOVS     R2,#+20
   \   00000066   0x.... 0x....      BL       __aeabi_memcpy4
   \   0000006A   0xBC0F             POP      {R0-R3}
   \   0000006C   0x.... 0x....      BL       LPLD_GPIO_Init
    114              
    115              // init d0-d7
    116              gpio_init.GPIO_PTx = PTE;      
   \   00000070   0x....             LDR.N    R0,??DataTable6_18  ;; 0x400ff100
   \   00000072   0x9001             STR      R0,[SP, #+4]
    117              gpio_init.GPIO_Pins = GPIO_Pin0_7;     
   \   00000074   0x20FF             MOVS     R0,#+255
   \   00000076   0x9002             STR      R0,[SP, #+8]
    118              gpio_init.GPIO_Dir = DIR_INPUT;        
   \   00000078   0x2000             MOVS     R0,#+0
   \   0000007A   0xF88D 0x0010      STRB     R0,[SP, #+16]
    119              gpio_init.GPIO_Isr = NULL;
   \   0000007E   0x2000             MOVS     R0,#+0
   \   00000080   0x9005             STR      R0,[SP, #+20]
    120              gpio_init.GPIO_PinControl = INPUT_PULL_DOWN|IRQC_DIS;   
   \   00000082   0x2002             MOVS     R0,#+2
   \   00000084   0x9003             STR      R0,[SP, #+12]
    121              LPLD_GPIO_Init(gpio_init);
   \   00000086   0xA901             ADD      R1,SP,#+4
   \   00000088   0xB084             SUB      SP,SP,#+16
   \   0000008A   0x4668             MOV      R0,SP
   \   0000008C   0x2214             MOVS     R2,#+20
   \   0000008E   0x.... 0x....      BL       __aeabi_memcpy4
   \   00000092   0xBC0F             POP      {R0-R3}
   \   00000094   0x.... 0x....      BL       LPLD_GPIO_Init
    122                 
    123              //配置接收DMA
    124              dma_init.DMA_CHx = DMA_CH0; 
   \   00000098   0x2000             MOVS     R0,#+0
   \   0000009A   0xF88D 0x002C      STRB     R0,[SP, #+44]
    125              dma_init.DMA_MajorLoopCnt   = L_MAX; //主循环
   \   0000009E   0xF44F 0x70A0      MOV      R0,#+320
   \   000000A2   0xF8AD 0x0030      STRH     R0,[SP, #+48]
    126              dma_init.DMA_MinorByteCnt   = 1; 
   \   000000A6   0x2001             MOVS     R0,#+1
   \   000000A8   0x900D             STR      R0,[SP, #+52]
    127              dma_init.DMA_MajorCompleteIntEnable = TRUE; 
   \   000000AA   0x2001             MOVS     R0,#+1
   \   000000AC   0xF88D 0x0051      STRB     R0,[SP, #+81]
    128              dma_init.DMA_Req            = PORTD_DMAREQ; 
   \   000000B0   0x2034             MOVS     R0,#+52
   \   000000B2   0xF88D 0x002D      STRB     R0,[SP, #+45]
    129              dma_init.DMA_DestAddr       = (uint32)Pix_Data; //目的
   \   000000B6   0x....             LDR.N    R0,??DataTable6_6
   \   000000B8   0x9011             STR      R0,[SP, #+68]
    130              dma_init.DMA_DestAddrOffset = 1;                
   \   000000BA   0x2001             MOVS     R0,#+1
   \   000000BC   0xF8AD 0x004A      STRH     R0,[SP, #+74]
    131              dma_init.DMA_DestDataSize   = DMA_DST_8BIT;     
   \   000000C0   0x2000             MOVS     R0,#+0
   \   000000C2   0xF88D 0x0048      STRB     R0,[SP, #+72]
    132              dma_init.DMA_SourceAddr     = (uint32)&PTE->PDIR;//源
   \   000000C6   0x....             LDR.N    R0,??DataTable6_19  ;; 0x400ff110
   \   000000C8   0x900E             STR      R0,[SP, #+56]
    133              dma_init.DMA_SourceDataSize = DMA_SRC_8BIT;   
   \   000000CA   0x2000             MOVS     R0,#+0
   \   000000CC   0xF88D 0x003C      STRB     R0,[SP, #+60]
    134              dma_init.DMA_AutoDisableReq = TRUE;  
   \   000000D0   0x2001             MOVS     R0,#+1
   \   000000D2   0xF88D 0x0050      STRB     R0,[SP, #+80]
    135              dma_init.DMA_Isr = row_finish; 
   \   000000D6   0x....             LDR.N    R0,??DataTable6_20
   \   000000D8   0x9015             STR      R0,[SP, #+84]
    136              LPLD_DMA_Init(dma_init); 
   \   000000DA   0xA90B             ADD      R1,SP,#+44
   \   000000DC   0xB084             SUB      SP,SP,#+16
   \   000000DE   0x4668             MOV      R0,SP
   \   000000E0   0x222C             MOVS     R2,#+44
   \   000000E2   0x.... 0x....      BL       __aeabi_memcpy4
   \   000000E6   0xBC0F             POP      {R0-R3}
   \   000000E8   0x.... 0x....      BL       LPLD_DMA_Init
    137              LPLD_DMA_EnableIrq(dma_init);//使能中断
   \   000000EC   0xA90B             ADD      R1,SP,#+44
   \   000000EE   0xB084             SUB      SP,SP,#+16
   \   000000F0   0x4668             MOV      R0,SP
   \   000000F2   0x222C             MOVS     R2,#+44
   \   000000F4   0x.... 0x....      BL       __aeabi_memcpy4
   \   000000F8   0xBC0F             POP      {R0-R3}
   \   000000FA   0x.... 0x....      BL       LPLD_DMA_EnableIrq
    138              
    139              ///////////////
    140              vsync_cnt=0;
   \   000000FE   0x2000             MOVS     R0,#+0
   \   00000100   0x....             LDR.N    R1,??DataTable6_9
   \   00000102   0x6008             STR      R0,[R1, #+0]
    141              allow_acq_once=TRUE;
   \   00000104   0x2001             MOVS     R0,#+1
   \   00000106   0x....             LDR.N    R1,??DataTable6_5
   \   00000108   0x7008             STRB     R0,[R1, #+0]
    142              //acq_flag=0;
    143              
    144              //////////////////
    145              NVIC_SetPriority((IRQn_Type)(DMA_CH0),NVIC_EncodePriority(NVIC_PriorityGroup_4,9,0));
   \   0000010A   0x2200             MOVS     R2,#+0
   \   0000010C   0x2109             MOVS     R1,#+9
   \   0000010E   0x2003             MOVS     R0,#+3
   \   00000110   0x.... 0x....      BL       NVIC_EncodePriority
   \   00000114   0x0001             MOVS     R1,R0
   \   00000116   0x2000             MOVS     R0,#+0
   \   00000118   0x.... 0x....      BL       __NVIC_SetPriority
    146              NVIC_SetPriority(PORTD_IRQn,NVIC_EncodePriority(NVIC_PriorityGroup_4,8,0));
   \   0000011C   0x2200             MOVS     R2,#+0
   \   0000011E   0x2108             MOVS     R1,#+8
   \   00000120   0x2003             MOVS     R0,#+3
   \   00000122   0x.... 0x....      BL       NVIC_EncodePriority
   \   00000126   0x0001             MOVS     R1,R0
   \   00000128   0x205A             MOVS     R0,#+90
   \   0000012A   0x.... 0x....      BL       __NVIC_SetPriority
    147              LPLD_GPIO_ClearIntFlag(PORTD);
   \   0000012E   0xF05F 0x30FF      MOVS     R0,#-1
   \   00000132   0x....             LDR.N    R1,??DataTable6_4  ;; 0x4004c0a0
   \   00000134   0x6008             STR      R0,[R1, #+0]
    148              enable_irq(PORTD_IRQn);
   \   00000136   0x205A             MOVS     R0,#+90
   \   00000138   0x.... 0x....      BL       __NVIC_EnableIRQ
    149          }
   \   0000013C   0xB017             ADD      SP,SP,#+92
   \   0000013E   0xBD00             POP      {PC}             ;; return

   \                                 In section .rodata, align 4
   \   00000000   0x00000000         DC32 0H
   \   00000004   0x00 0x00          DC8 0, 0, 0, 0, 0, 0, 0, 0, 0, 0, 0, 0, 0, 0, 0, 0
   \              0x00 0x00    
   \              0x00 0x00    
   \              0x00 0x00    
   \              0x00 0x00    
   \              0x00 0x00    
   \              0x00 0x00    
   \              0x00 0x00    

   \                                 In section .rodata, align 4
   \   00000000   0x00000000         DC32 0H
   \   00000004   0x00 0x00          DC8 0, 0, 0, 0, 0, 0, 0, 0, 0, 0, 0, 0, 0, 0, 0, 0
   \              0x00 0x00    
   \              0x00 0x00    
   \              0x00 0x00    
   \              0x00 0x00    
   \              0x00 0x00    
   \              0x00 0x00    
   \              0x00 0x00    

   \                                 In section .rodata, align 4
   \   00000000   0x00 0x00          DC8 0, 0, 0, 0, 0, 0, 0, 0, 0, 0, 0, 0, 0, 0, 0, 0, 0
   \              0x00 0x00    
   \              0x00 0x00    
   \              0x00 0x00    
   \              0x00 0x00    
   \              0x00 0x00    
   \              0x00 0x00    
   \              0x00 0x00    
   \              0x00         
   \   00000011   0x00 0x00          DC8 0, 0, 0, 0, 0, 0, 0, 0, 0, 0, 0, 0, 0, 0, 0, 0
   \              0x00 0x00    
   \              0x00 0x00    
   \              0x00 0x00    
   \              0x00 0x00    
   \              0x00 0x00    
   \              0x00 0x00    
   \              0x00 0x00    
   \   00000021   0x00 0x00          DC8 0, 0, 0, 0, 0, 0, 0, 0, 0, 0, 0
   \              0x00 0x00    
   \              0x00 0x00    
   \              0x00 0x00    
   \              0x00 0x00    
   \              0x00         

   \                                 In section .text, align 4, keep-with-next
   \                     ??DataTable6:
   \   00000000   0xE000E100         DC32     0xe000e100

   \                                 In section .text, align 4, keep-with-next
   \                     ??DataTable6_1:
   \   00000000   0xE000E180         DC32     0xe000e180

   \                                 In section .text, align 4, keep-with-next
   \                     ??DataTable6_2:
   \   00000000   0xE000E400         DC32     0xe000e400

   \                                 In section .text, align 4, keep-with-next
   \                     ??DataTable6_3:
   \   00000000   0xE000ED18         DC32     0xe000ed18

   \                                 In section .text, align 4, keep-with-next
   \                     ??DataTable6_4:
   \   00000000   0x4004C0A0         DC32     0x4004c0a0

   \                                 In section .text, align 4, keep-with-next
   \                     ??DataTable6_5:
   \   00000000   0x........         DC32     allow_acq_once

   \                                 In section .text, align 4, keep-with-next
   \                     ??DataTable6_6:
   \   00000000   0x........         DC32     Pix_Data

   \                                 In section .text, align 4, keep-with-next
   \                     ??DataTable6_7:
   \   00000000   0x40009010         DC32     0x40009010

   \                                 In section .text, align 4, keep-with-next
   \                     ??DataTable6_8:
   \   00000000   0x........         DC32     camera_error

   \                                 In section .text, align 4, keep-with-next
   \                     ??DataTable6_9:
   \   00000000   0x........         DC32     vsync_cnt

   \                                 In section .text, align 4, keep-with-next
   \                     ??DataTable6_10:
   \   00000000   0x........         DC32     href_cnt

   \                                 In section .text, align 4, keep-with-next
   \                     ??DataTable6_11:
   \   00000000   0x........         DC32     rowacq_cnt

   \                                 In section .text, align 4, keep-with-next
   \                     ??DataTable6_12:
   \   00000000   0x........         DC32     acq_flag

   \                                 In section .text, align 4, keep-with-next
   \                     ??DataTable6_13:
   \   00000000   0x4000800C         DC32     0x4000800c

   \                                 In section .text, align 4, keep-with-next
   \                     ??DataTable6_14:
   \   00000000   0x400FF0C0         DC32     0x400ff0c0

   \                                 In section .text, align 4, keep-with-next
   \                     ??DataTable6_15:
   \   00000000   0x........         DC32     vsync_href_isr

   \                                 In section .text, align 4, keep-with-next
   \                     ??DataTable6_16:
   \   00000000   0x00090003         DC32     0x90003

   \                                 In section .text, align 4, keep-with-next
   \                     ??DataTable6_17:
   \   00000000   0x00010003         DC32     0x10003

   \                                 In section .text, align 4, keep-with-next
   \                     ??DataTable6_18:
   \   00000000   0x400FF100         DC32     0x400ff100

   \                                 In section .text, align 4, keep-with-next
   \                     ??DataTable6_19:
   \   00000000   0x400FF110         DC32     0x400ff110

   \                                 In section .text, align 4, keep-with-next
   \                     ??DataTable6_20:
   \   00000000   0x........         DC32     row_finish
    150          
    151          
    152          
    153          
    154          
    155          
    156          
    157          
    158          
    159          
    160          
    161          
    162          
    163          
    164          
    165          
    166          
    167          
    168          
    169          
    170          

   Maximum stack usage in bytes:

   .cstack Function
   ------- --------
       4   NVIC_EncodePriority
       0   __NVIC_DisableIRQ
       0   __NVIC_EnableIRQ
       0   __NVIC_SetPriority
       8   camera__take_a_photo_please_
         8   -> __NVIC_EnableIRQ
     112   ov7620__config
        96   -> LPLD_DMA_EnableIrq
        96   -> LPLD_DMA_Init
        96   -> LPLD_GPIO_Init
        96   -> NVIC_EncodePriority
        96   -> __NVIC_EnableIRQ
        96   -> __NVIC_SetPriority
        96   -> __aeabi_memclr4
       112   -> __aeabi_memcpy4
       8   row_finish
         8   -> __NVIC_DisableIRQ
       0   vsync_href_isr


   Section sizes:

   Bytes  Function/Label
   -----  --------------
       4  ??DataTable6
       4  ??DataTable6_1
       4  ??DataTable6_10
       4  ??DataTable6_11
       4  ??DataTable6_12
       4  ??DataTable6_13
       4  ??DataTable6_14
       4  ??DataTable6_15
       4  ??DataTable6_16
       4  ??DataTable6_17
       4  ??DataTable6_18
       4  ??DataTable6_19
       4  ??DataTable6_2
       4  ??DataTable6_20
       4  ??DataTable6_3
       4  ??DataTable6_4
       4  ??DataTable6_5
       4  ??DataTable6_6
       4  ??DataTable6_7
       4  ??DataTable6_8
       4  ??DataTable6_9
      20  ?_0
      20  ?_1
      44  ?_2
      62  NVIC_EncodePriority
   76800  Pix_Data
      26  __NVIC_DisableIRQ
      26  __NVIC_EnableIRQ
      34  __NVIC_SetPriority
       1  acq_flag
       1  allow_acq_once
      42  camera__take_a_photo_please_
       4  camera_error
       4  href_cnt
     320  ov7620__config
      34  row_finish
       4  rowacq_cnt
       4  vsync_cnt
     142  vsync_href_isr

 
 76 818 bytes in section .bss
     84 bytes in section .rodata
    770 bytes in section .text
 
    770 bytes of CODE  memory
     84 bytes of CONST memory
 76 818 bytes of DATA  memory

Errors: none
Warnings: 4
