###############################################################################
#
# IAR ANSI C/C++ Compiler V8.10.1.12857/W32 for ARM       29/Jan/2018  14:27:49
# Copyright 1999-2017 IAR Systems AB.
#
#    Cpu mode     =  thumb
#    Endian       =  little
#    Source file  =  F:\K60_CAR_2018\lib\peripheral\usrlib.c
#    Command line =  
#        -f C:\Users\19071_~1\AppData\Local\Temp\EW96FC.tmp
#        (F:\K60_CAR_2018\lib\peripheral\usrlib.c -D LPLD_K60 -D USE_K60DZ10
#        -lCN F:\K60_CAR_2018\project\programme\iar\RAM\List -lB
#        F:\K60_CAR_2018\project\programme\iar\RAM\List -o
#        F:\K60_CAR_2018\project\programme\iar\RAM\Obj --no_cse --no_unroll
#        --no_inline --no_code_motion --no_tbaa --no_clustering --no_scheduling
#        --debug --endian=little --cpu=Cortex-M4 -e --fpu=None --dlib_config
#        "C:\Program Files (x86)\IAR Systems\Embedded Workbench
#        8.0\arm\INC\c\DLib_Config_Normal.h" -I
#        F:\K60_CAR_2018\project\programme\iar\..\app\ -I
#        F:\K60_CAR_2018\project\programme\iar\..\..\..\lib\CPU\ -I
#        F:\K60_CAR_2018\project\programme\iar\..\..\..\lib\common\ -I
#        F:\K60_CAR_2018\project\programme\iar\..\..\..\lib\LPLD\ -I
#        F:\K60_CAR_2018\project\programme\iar\..\..\..\lib\LPLD\HW\ -I
#        F:\K60_CAR_2018\project\programme\iar\..\..\..\lib\LPLD\DEV\ -I
#        F:\K60_CAR_2018\project\programme\iar\..\..\..\lib\LPLD\FUNC\ -I
#        F:\K60_CAR_2018\project\programme\iar\..\..\..\lib\uCOS-II\Ports\ -I
#        F:\K60_CAR_2018\project\programme\iar\..\..\..\lib\uCOS-II\Source\ -I
#        F:\K60_CAR_2018\project\programme\iar\..\..\..\lib\FatFs\ -I
#        F:\K60_CAR_2018\project\programme\iar\..\..\..\lib\FatFs\option\ -I
#        F:\K60_CAR_2018\project\programme\iar\..\..\..\lib\USB\common\ -I
#        F:\K60_CAR_2018\project\programme\iar\..\..\..\lib\USB\driver\ -I
#        F:\K60_CAR_2018\project\programme\iar\..\..\..\lib\USB\descriptor\ -I
#        F:\K60_CAR_2018\project\programme\iar\..\..\..\lib\USB\class\ -I
#        F:\K60_CAR_2018\project\programme\iar\..\..\..\lib\peripheral\ -Ol -I
#        "C:\Program Files (x86)\IAR Systems\Embedded Workbench
#        8.0\arm\CMSIS\Include\" -D ARM_MATH_CM4)
#    Locale       =  C
#    List file    =  F:\K60_CAR_2018\project\programme\iar\RAM\List\usrlib.lst
#    Object file  =  F:\K60_CAR_2018\project\programme\iar\RAM\Obj\usrlib.o
#
###############################################################################

F:\K60_CAR_2018\lib\peripheral\usrlib.c
      1          #include "usrlib.h"
      2          

   \                                 In section .text, align 2, keep-with-next
      3          void dummy_delay_ms(uint16 ms){
      4              uint16 ii,jj;
      5              if (ms<1) ms=1;
   \                     dummy_delay_ms: (+1)
   \   00000000   0xB280             UXTH     R0,R0            ;; ZeroExt  R0,R0,#+16,#+16
   \   00000002   0x2800             CMP      R0,#+0
   \   00000004   0xD100             BNE.N    ??dummy_delay_ms_0
   \   00000006   0x2001             MOVS     R0,#+1
      6              ms=ms*12;
   \                     ??dummy_delay_ms_0: (+1)
   \   00000008   0x210C             MOVS     R1,#+12
   \   0000000A   0xFB10 0xF001      SMULBB   R0,R0,R1
      7              for(ii=0;ii<ms;ii++)
   \   0000000E   0x2100             MOVS     R1,#+0
   \   00000010   0xE006             B.N      ??dummy_delay_ms_1
      8                for(jj=0;jj<8010;jj++);
   \                     ??dummy_delay_ms_2: (+1)
   \   00000012   0x1C52             ADDS     R2,R2,#+1
   \                     ??dummy_delay_ms_3: (+1)
   \   00000014   0xB292             UXTH     R2,R2            ;; ZeroExt  R2,R2,#+16,#+16
   \   00000016   0xF641 0x734A      MOVW     R3,#+8010
   \   0000001A   0x429A             CMP      R2,R3
   \   0000001C   0xDBF9             BLT.N    ??dummy_delay_ms_2
   \   0000001E   0x1C49             ADDS     R1,R1,#+1
   \                     ??dummy_delay_ms_1: (+1)
   \   00000020   0x000A             MOVS     R2,R1
   \   00000022   0x0003             MOVS     R3,R0
   \   00000024   0xB292             UXTH     R2,R2            ;; ZeroExt  R2,R2,#+16,#+16
   \   00000026   0xB29B             UXTH     R3,R3            ;; ZeroExt  R3,R3,#+16,#+16
   \   00000028   0x429A             CMP      R2,R3
   \   0000002A   0xD201             BCS.N    ??dummy_delay_ms_4
   \   0000002C   0x2200             MOVS     R2,#+0
   \   0000002E   0xE7F1             B.N      ??dummy_delay_ms_3
      9          }
   \                     ??dummy_delay_ms_4: (+1)
   \   00000030   0x4770             BX       LR               ;; return

   Maximum stack usage in bytes:

   .cstack Function
   ------- --------
       0   dummy_delay_ms


   Section sizes:

   Bytes  Function/Label
   -----  --------------
      50  dummy_delay_ms

 
 50 bytes in section .text
 
 50 bytes of CODE memory

Errors: none
Warnings: none
